13:55:11 INFO  : Launching XSCT server: xsct.bat -n  -interactive C:\Users\cihem\cpre488\CPRE-488-Labs\MP-0\MP-0-vitisCDrive\temp_xsdb_launch_script.tcl
13:55:11 INFO  : Registering command handlers for Vitis TCF services
13:55:12 INFO  : XSCT server has started successfully.
13:55:12 INFO  : Successfully done setting XSCT server connection channel  
13:55:12 INFO  : Platform repository initialization has completed.
13:55:12 INFO  : Successfully done setting workspace for the tool. 
13:55:12 INFO  : Successfully done query RDI_DATADIR 
13:55:12 INFO  : plnx-install-location is set to ''
13:59:35 INFO  : Result from executing command 'getProjects': design_1_wrapper
13:59:35 INFO  : Result from executing command 'getPlatforms': 
13:59:35 INFO  : Platform 'design_1_wrapper' is added to custom repositories.
13:59:40 INFO  : Platform 'design_1_wrapper' is added to custom repositories.
14:00:23 INFO  : Result from executing command 'getProjects': design_1_wrapper
14:00:23 INFO  : Result from executing command 'getPlatforms': design_1_wrapper|C:/Users/cihem/cpre488/CPRE-488-Labs/MP-0/MP-0-vitisCDrive/design_1_wrapper/export/design_1_wrapper/design_1_wrapper.xpfm
14:00:23 INFO  : Checking for BSP changes to sync application flags for project 'Zedboard-doublehell'...
14:01:54 INFO  : Connected to target on host '127.0.0.1' and port '3121'.
14:01:54 INFO  : 'targets -set -filter {jtag_cable_name =~ "Digilent Zed 210248B9DB51" && level==0 && jtag_device_ctx=="jsn-Zed-210248B9DB51-23727093-0"}' command is executed.
14:01:56 INFO  : FPGA configured successfully with bitstream "C:/Users/cihem/cpre488/CPRE-488-Labs/MP-0/MP-0-vitisCDrive/Zedboard-doublehell/_ide/bitstream/design_1_wrapper.bit"
14:03:41 INFO  : Connected to target on host '127.0.0.1' and port '3121'.
14:03:41 INFO  : 'targets -set -filter {jtag_cable_name =~ "Digilent Zed 210248B9DB51" && level==0 && jtag_device_ctx=="jsn-Zed-210248B9DB51-23727093-0"}' command is executed.
14:03:44 INFO  : FPGA configured successfully with bitstream "C:/Users/cihem/cpre488/CPRE-488-Labs/MP-0/MP-0-vitisCDrive/Zedboard-doublehell/_ide/bitstream/design_1_wrapper.bit"
14:08:33 INFO  : Launching XSCT server: xsct.bat -n  -interactive C:\Users\cihem\cpre488\CPRE-488-Labs\MP-0\MP-0-vitisCDrive\temp_xsdb_launch_script.tcl
14:08:34 INFO  : Platform repository initialization has completed.
14:08:35 INFO  : XSCT server has started successfully.
14:08:35 INFO  : plnx-install-location is set to ''
14:08:35 INFO  : Successfully done setting XSCT server connection channel  
14:08:35 INFO  : Successfully done setting workspace for the tool. 
14:08:35 INFO  : Registering command handlers for Vitis TCF services
14:08:35 INFO  : Successfully done query RDI_DATADIR 
14:08:59 INFO  : Connected to target on host '127.0.0.1' and port '3121'.
14:08:59 INFO  : 'targets -set -filter {jtag_cable_name =~ "Digilent Zed 210248B9DB51" && level==0 && jtag_device_ctx=="jsn-Zed-210248B9DB51-23727093-0"}' command is executed.
14:09:02 INFO  : FPGA configured successfully with bitstream "C:/Users/cihem/cpre488/CPRE-488-Labs/MP-0/MP-0-vitisCDrive/Zedboard-doublehell/_ide/bitstream/design_1_wrapper.bit"
14:10:17 INFO  : Connected to target on host '127.0.0.1' and port '3121'.
14:10:17 INFO  : 'targets -set -filter {jtag_cable_name =~ "Digilent Zed 210248B9DB51" && level==0 && jtag_device_ctx=="jsn-Zed-210248B9DB51-23727093-0"}' command is executed.
14:10:20 INFO  : FPGA configured successfully with bitstream "C:/Users/cihem/cpre488/CPRE-488-Labs/MP-0/MP-0-vitisCDrive/Zedboard-doublehell/_ide/bitstream/design_1_wrapper.bit"
14:15:02 INFO  : Connected to target on host '127.0.0.1' and port '3121'.
14:15:02 INFO  : Jtag cable 'Digilent Zed 210248B9DB51' is selected.
14:15:02 INFO  : 'jtag frequency' command is executed.
14:15:02 INFO  : Context for 'APU' is selected.
14:15:02 INFO  : System reset is completed.
14:15:05 INFO  : 'after 3000' command is executed.
14:15:05 INFO  : 'targets -set -filter {jtag_cable_name =~ "Digilent Zed 210248B9DB51" && level==0 && jtag_device_ctx=="jsn-Zed-210248B9DB51-23727093-0"}' command is executed.
14:15:08 INFO  : FPGA configured successfully with bitstream "C:/Users/cihem/cpre488/CPRE-488-Labs/MP-0/MP-0-vitisCDrive/Zedboard-doublehell/_ide/bitstream/design_1_wrapper.bit"
14:15:08 INFO  : Context for 'APU' is selected.
14:15:08 INFO  : Hardware design and registers information is loaded from 'C:/Users/cihem/cpre488/CPRE-488-Labs/MP-0/MP-0-vitisCDrive/design_1_wrapper/export/design_1_wrapper/hw/design_1_wrapper.xsa'.
14:15:08 INFO  : 'configparams force-mem-access 1' command is executed.
14:15:08 INFO  : Context for 'APU' is selected.
14:15:08 INFO  : Sourcing of 'C:/Users/cihem/cpre488/CPRE-488-Labs/MP-0/MP-0-vitisCDrive/Zedboard-doublehell/_ide/psinit/ps7_init.tcl' is done.
14:15:08 INFO  : 'ps7_init' command is executed.
14:15:08 INFO  : 'ps7_post_config' command is executed.
14:15:08 INFO  : Context for processor 'ps7_cortexa9_0' is selected.
14:15:08 INFO  : The application 'C:/Users/cihem/cpre488/CPRE-488-Labs/MP-0/MP-0-vitisCDrive/Zedboard-doublehell/Debug/Zedboard-doublehell.elf' is downloaded to processor 'ps7_cortexa9_0'.
14:15:08 INFO  : 'configparams force-mem-access 0' command is executed.
14:15:08 INFO  : ----------------XSDB Script----------------
connect -url tcp:127.0.0.1:3121
targets -set -nocase -filter {name =~"APU*"}
rst -system
after 3000
targets -set -filter {jtag_cable_name =~ "Digilent Zed 210248B9DB51" && level==0 && jtag_device_ctx=="jsn-Zed-210248B9DB51-23727093-0"}
fpga -file C:/Users/cihem/cpre488/CPRE-488-Labs/MP-0/MP-0-vitisCDrive/Zedboard-doublehell/_ide/bitstream/design_1_wrapper.bit
targets -set -nocase -filter {name =~"APU*"}
loadhw -hw C:/Users/cihem/cpre488/CPRE-488-Labs/MP-0/MP-0-vitisCDrive/design_1_wrapper/export/design_1_wrapper/hw/design_1_wrapper.xsa -mem-ranges [list {0x40000000 0xbfffffff}] -regs
configparams force-mem-access 1
targets -set -nocase -filter {name =~"APU*"}
source C:/Users/cihem/cpre488/CPRE-488-Labs/MP-0/MP-0-vitisCDrive/Zedboard-doublehell/_ide/psinit/ps7_init.tcl
ps7_init
ps7_post_config
targets -set -nocase -filter {name =~ "*A9*#0"}
dow C:/Users/cihem/cpre488/CPRE-488-Labs/MP-0/MP-0-vitisCDrive/Zedboard-doublehell/Debug/Zedboard-doublehell.elf
configparams force-mem-access 0
----------------End of Script----------------

14:15:08 INFO  : Context for processor 'ps7_cortexa9_0' is selected.
14:15:08 INFO  : 'con' command is executed.
14:15:08 INFO  : ----------------XSDB Script (After Launch)----------------
targets -set -nocase -filter {name =~ "*A9*#0"}
con
----------------End of Script----------------

14:15:08 INFO  : Launch script is exported to file 'C:\Users\cihem\cpre488\CPRE-488-Labs\MP-0\MP-0-vitisCDrive\.sdk\launch_scripts\single_application_debug\systemdebugger_zedboard-doublehell_system_standalone.tcl'
14:20:39 INFO  : Disconnected from the channel tcfchan#1.
14:20:40 INFO  : Connected to target on host '127.0.0.1' and port '3121'.
14:20:40 INFO  : Jtag cable 'Digilent Zed 210248B9DB51' is selected.
14:20:40 INFO  : 'jtag frequency' command is executed.
14:20:40 INFO  : Context for 'APU' is selected.
14:20:40 INFO  : System reset is completed.
14:20:43 INFO  : 'after 3000' command is executed.
14:20:43 INFO  : 'targets -set -filter {jtag_cable_name =~ "Digilent Zed 210248B9DB51" && level==0 && jtag_device_ctx=="jsn-Zed-210248B9DB51-23727093-0"}' command is executed.
14:20:45 INFO  : FPGA configured successfully with bitstream "C:/Users/cihem/cpre488/CPRE-488-Labs/MP-0/MP-0-vitisCDrive/Zedboard-doublehell/_ide/bitstream/design_1_wrapper.bit"
14:20:45 INFO  : Context for 'APU' is selected.
14:20:47 INFO  : Hardware design and registers information is loaded from 'C:/Users/cihem/cpre488/CPRE-488-Labs/MP-0/MP-0-vitisCDrive/design_1_wrapper/export/design_1_wrapper/hw/design_1_wrapper.xsa'.
14:20:47 INFO  : 'configparams force-mem-access 1' command is executed.
14:20:47 INFO  : Context for 'APU' is selected.
14:20:47 INFO  : Sourcing of 'C:/Users/cihem/cpre488/CPRE-488-Labs/MP-0/MP-0-vitisCDrive/Zedboard-doublehell/_ide/psinit/ps7_init.tcl' is done.
14:20:47 INFO  : 'ps7_init' command is executed.
14:20:47 INFO  : 'ps7_post_config' command is executed.
14:20:47 INFO  : Context for processor 'ps7_cortexa9_0' is selected.
14:20:47 INFO  : The application 'C:/Users/cihem/cpre488/CPRE-488-Labs/MP-0/MP-0-vitisCDrive/Zedboard-doublehell/Debug/Zedboard-doublehell.elf' is downloaded to processor 'ps7_cortexa9_0'.
14:20:47 INFO  : 'configparams force-mem-access 0' command is executed.
14:20:47 INFO  : ----------------XSDB Script----------------
connect -url tcp:127.0.0.1:3121
targets -set -nocase -filter {name =~"APU*"}
rst -system
after 3000
targets -set -filter {jtag_cable_name =~ "Digilent Zed 210248B9DB51" && level==0 && jtag_device_ctx=="jsn-Zed-210248B9DB51-23727093-0"}
fpga -file C:/Users/cihem/cpre488/CPRE-488-Labs/MP-0/MP-0-vitisCDrive/Zedboard-doublehell/_ide/bitstream/design_1_wrapper.bit
targets -set -nocase -filter {name =~"APU*"}
loadhw -hw C:/Users/cihem/cpre488/CPRE-488-Labs/MP-0/MP-0-vitisCDrive/design_1_wrapper/export/design_1_wrapper/hw/design_1_wrapper.xsa -mem-ranges [list {0x40000000 0xbfffffff}] -regs
configparams force-mem-access 1
targets -set -nocase -filter {name =~"APU*"}
source C:/Users/cihem/cpre488/CPRE-488-Labs/MP-0/MP-0-vitisCDrive/Zedboard-doublehell/_ide/psinit/ps7_init.tcl
ps7_init
ps7_post_config
targets -set -nocase -filter {name =~ "*A9*#0"}
dow C:/Users/cihem/cpre488/CPRE-488-Labs/MP-0/MP-0-vitisCDrive/Zedboard-doublehell/Debug/Zedboard-doublehell.elf
configparams force-mem-access 0
----------------End of Script----------------

14:20:47 INFO  : Context for processor 'ps7_cortexa9_0' is selected.
14:20:47 INFO  : 'con' command is executed.
14:20:47 INFO  : ----------------XSDB Script (After Launch)----------------
targets -set -nocase -filter {name =~ "*A9*#0"}
con
----------------End of Script----------------

14:20:47 INFO  : Launch script is exported to file 'C:\Users\cihem\cpre488\CPRE-488-Labs\MP-0\MP-0-vitisCDrive\.sdk\launch_scripts\single_application_debug\systemdebugger_zedboard-doublehell_system_standalone.tcl'
14:25:02 INFO  : Disconnected from the channel tcfchan#2.
14:25:02 INFO  : Connected to target on host '127.0.0.1' and port '3121'.
14:25:02 INFO  : Jtag cable 'Digilent Zed 210248B9DB51' is selected.
14:25:02 INFO  : 'jtag frequency' command is executed.
14:25:02 INFO  : Context for 'APU' is selected.
14:25:02 INFO  : System reset is completed.
14:25:05 INFO  : 'after 3000' command is executed.
14:25:05 INFO  : 'targets -set -filter {jtag_cable_name =~ "Digilent Zed 210248B9DB51" && level==0 && jtag_device_ctx=="jsn-Zed-210248B9DB51-23727093-0"}' command is executed.
14:25:08 INFO  : FPGA configured successfully with bitstream "C:/Users/cihem/cpre488/CPRE-488-Labs/MP-0/MP-0-vitisCDrive/Zedboard-doublehell/_ide/bitstream/design_1_wrapper.bit"
14:25:08 INFO  : Context for 'APU' is selected.
14:25:09 INFO  : Hardware design and registers information is loaded from 'C:/Users/cihem/cpre488/CPRE-488-Labs/MP-0/MP-0-vitisCDrive/design_1_wrapper/export/design_1_wrapper/hw/design_1_wrapper.xsa'.
14:25:09 INFO  : 'configparams force-mem-access 1' command is executed.
14:25:09 INFO  : Context for 'APU' is selected.
14:25:09 INFO  : Sourcing of 'C:/Users/cihem/cpre488/CPRE-488-Labs/MP-0/MP-0-vitisCDrive/Zedboard-doublehell/_ide/psinit/ps7_init.tcl' is done.
14:25:09 INFO  : 'ps7_init' command is executed.
14:25:09 INFO  : 'ps7_post_config' command is executed.
14:25:09 INFO  : Context for processor 'ps7_cortexa9_0' is selected.
14:25:09 INFO  : The application 'C:/Users/cihem/cpre488/CPRE-488-Labs/MP-0/MP-0-vitisCDrive/Zedboard-doublehell/Debug/Zedboard-doublehell.elf' is downloaded to processor 'ps7_cortexa9_0'.
14:25:10 INFO  : 'configparams force-mem-access 0' command is executed.
14:25:10 INFO  : ----------------XSDB Script----------------
connect -url tcp:127.0.0.1:3121
targets -set -nocase -filter {name =~"APU*"}
rst -system
after 3000
targets -set -filter {jtag_cable_name =~ "Digilent Zed 210248B9DB51" && level==0 && jtag_device_ctx=="jsn-Zed-210248B9DB51-23727093-0"}
fpga -file C:/Users/cihem/cpre488/CPRE-488-Labs/MP-0/MP-0-vitisCDrive/Zedboard-doublehell/_ide/bitstream/design_1_wrapper.bit
targets -set -nocase -filter {name =~"APU*"}
loadhw -hw C:/Users/cihem/cpre488/CPRE-488-Labs/MP-0/MP-0-vitisCDrive/design_1_wrapper/export/design_1_wrapper/hw/design_1_wrapper.xsa -mem-ranges [list {0x40000000 0xbfffffff}] -regs
configparams force-mem-access 1
targets -set -nocase -filter {name =~"APU*"}
source C:/Users/cihem/cpre488/CPRE-488-Labs/MP-0/MP-0-vitisCDrive/Zedboard-doublehell/_ide/psinit/ps7_init.tcl
ps7_init
ps7_post_config
targets -set -nocase -filter {name =~ "*A9*#0"}
dow C:/Users/cihem/cpre488/CPRE-488-Labs/MP-0/MP-0-vitisCDrive/Zedboard-doublehell/Debug/Zedboard-doublehell.elf
configparams force-mem-access 0
----------------End of Script----------------

14:25:10 INFO  : Context for processor 'ps7_cortexa9_0' is selected.
14:25:10 INFO  : 'con' command is executed.
14:25:10 INFO  : ----------------XSDB Script (After Launch)----------------
targets -set -nocase -filter {name =~ "*A9*#0"}
con
----------------End of Script----------------

14:25:10 INFO  : Launch script is exported to file 'C:\Users\cihem\cpre488\CPRE-488-Labs\MP-0\MP-0-vitisCDrive\.sdk\launch_scripts\single_application_debug\systemdebugger_zedboard-doublehell_system_standalone.tcl'
14:29:04 INFO  : Disconnected from the channel tcfchan#3.
14:29:34 INFO  : Connected to target on host '127.0.0.1' and port '3121'.
14:29:35 INFO  : Jtag cable 'Digilent Zed 210248B9DB51' is selected.
14:29:35 INFO  : 'jtag frequency' command is executed.
14:29:35 INFO  : Context for 'APU' is selected.
14:29:35 INFO  : System reset is completed.
14:29:38 INFO  : 'after 3000' command is executed.
14:29:38 INFO  : 'targets -set -filter {jtag_cable_name =~ "Digilent Zed 210248B9DB51" && level==0 && jtag_device_ctx=="jsn-Zed-210248B9DB51-23727093-0"}' command is executed.
14:29:40 INFO  : FPGA configured successfully with bitstream "C:/Users/cihem/cpre488/CPRE-488-Labs/MP-0/MP-0-vitisCDrive/Zedboard-doublehell/_ide/bitstream/design_1_wrapper.bit"
14:29:40 INFO  : Context for 'APU' is selected.
14:29:42 INFO  : Hardware design and registers information is loaded from 'C:/Users/cihem/cpre488/CPRE-488-Labs/MP-0/MP-0-vitisCDrive/design_1_wrapper/export/design_1_wrapper/hw/design_1_wrapper.xsa'.
14:29:42 INFO  : 'configparams force-mem-access 1' command is executed.
14:29:42 INFO  : Context for 'APU' is selected.
14:29:42 INFO  : Sourcing of 'C:/Users/cihem/cpre488/CPRE-488-Labs/MP-0/MP-0-vitisCDrive/Zedboard-doublehell/_ide/psinit/ps7_init.tcl' is done.
14:29:42 INFO  : 'ps7_init' command is executed.
14:29:42 INFO  : 'ps7_post_config' command is executed.
14:29:42 INFO  : Context for processor 'ps7_cortexa9_0' is selected.
14:29:42 INFO  : The application 'C:/Users/cihem/cpre488/CPRE-488-Labs/MP-0/MP-0-vitisCDrive/Zedboard-doublehell/Debug/Zedboard-doublehell.elf' is downloaded to processor 'ps7_cortexa9_0'.
14:29:42 INFO  : 'configparams force-mem-access 0' command is executed.
14:29:42 INFO  : ----------------XSDB Script----------------
connect -url tcp:127.0.0.1:3121
targets -set -nocase -filter {name =~"APU*"}
rst -system
after 3000
targets -set -filter {jtag_cable_name =~ "Digilent Zed 210248B9DB51" && level==0 && jtag_device_ctx=="jsn-Zed-210248B9DB51-23727093-0"}
fpga -file C:/Users/cihem/cpre488/CPRE-488-Labs/MP-0/MP-0-vitisCDrive/Zedboard-doublehell/_ide/bitstream/design_1_wrapper.bit
targets -set -nocase -filter {name =~"APU*"}
loadhw -hw C:/Users/cihem/cpre488/CPRE-488-Labs/MP-0/MP-0-vitisCDrive/design_1_wrapper/export/design_1_wrapper/hw/design_1_wrapper.xsa -mem-ranges [list {0x40000000 0xbfffffff}] -regs
configparams force-mem-access 1
targets -set -nocase -filter {name =~"APU*"}
source C:/Users/cihem/cpre488/CPRE-488-Labs/MP-0/MP-0-vitisCDrive/Zedboard-doublehell/_ide/psinit/ps7_init.tcl
ps7_init
ps7_post_config
targets -set -nocase -filter {name =~ "*A9*#0"}
dow C:/Users/cihem/cpre488/CPRE-488-Labs/MP-0/MP-0-vitisCDrive/Zedboard-doublehell/Debug/Zedboard-doublehell.elf
configparams force-mem-access 0
----------------End of Script----------------

14:29:42 INFO  : Context for processor 'ps7_cortexa9_0' is selected.
14:29:42 INFO  : 'con' command is executed.
14:29:42 INFO  : ----------------XSDB Script (After Launch)----------------
targets -set -nocase -filter {name =~ "*A9*#0"}
con
----------------End of Script----------------

14:29:42 INFO  : Launch script is exported to file 'C:\Users\cihem\cpre488\CPRE-488-Labs\MP-0\MP-0-vitisCDrive\.sdk\launch_scripts\single_application_debug\systemdebugger_zedboard-doublehell_system_standalone.tcl'
14:30:39 INFO  : Disconnected from the channel tcfchan#4.
14:30:46 INFO  : Connected to target on host '127.0.0.1' and port '3121'.
14:30:46 INFO  : Jtag cable 'Digilent Zed 210248B9DB51' is selected.
14:30:46 INFO  : 'jtag frequency' command is executed.
14:30:46 INFO  : Context for 'APU' is selected.
14:30:46 INFO  : System reset is completed.
14:30:49 INFO  : 'after 3000' command is executed.
14:30:49 INFO  : 'targets -set -filter {jtag_cable_name =~ "Digilent Zed 210248B9DB51" && level==0 && jtag_device_ctx=="jsn-Zed-210248B9DB51-23727093-0"}' command is executed.
14:30:51 INFO  : FPGA configured successfully with bitstream "C:/Users/cihem/cpre488/CPRE-488-Labs/MP-0/MP-0-vitisCDrive/Zedboard-doublehell/_ide/bitstream/design_1_wrapper.bit"
14:30:51 INFO  : Context for 'APU' is selected.
14:30:53 INFO  : Hardware design and registers information is loaded from 'C:/Users/cihem/cpre488/CPRE-488-Labs/MP-0/MP-0-vitisCDrive/design_1_wrapper/export/design_1_wrapper/hw/design_1_wrapper.xsa'.
14:30:53 INFO  : 'configparams force-mem-access 1' command is executed.
14:30:53 INFO  : Context for 'APU' is selected.
14:30:53 INFO  : Sourcing of 'C:/Users/cihem/cpre488/CPRE-488-Labs/MP-0/MP-0-vitisCDrive/Zedboard-doublehell/_ide/psinit/ps7_init.tcl' is done.
14:30:53 INFO  : 'ps7_init' command is executed.
14:30:53 INFO  : 'ps7_post_config' command is executed.
14:30:53 INFO  : Context for processor 'ps7_cortexa9_0' is selected.
14:30:53 INFO  : The application 'C:/Users/cihem/cpre488/CPRE-488-Labs/MP-0/MP-0-vitisCDrive/Zedboard-doublehell/Debug/Zedboard-doublehell.elf' is downloaded to processor 'ps7_cortexa9_0'.
14:30:53 INFO  : 'configparams force-mem-access 0' command is executed.
14:30:53 INFO  : ----------------XSDB Script----------------
connect -url tcp:127.0.0.1:3121
targets -set -nocase -filter {name =~"APU*"}
rst -system
after 3000
targets -set -filter {jtag_cable_name =~ "Digilent Zed 210248B9DB51" && level==0 && jtag_device_ctx=="jsn-Zed-210248B9DB51-23727093-0"}
fpga -file C:/Users/cihem/cpre488/CPRE-488-Labs/MP-0/MP-0-vitisCDrive/Zedboard-doublehell/_ide/bitstream/design_1_wrapper.bit
targets -set -nocase -filter {name =~"APU*"}
loadhw -hw C:/Users/cihem/cpre488/CPRE-488-Labs/MP-0/MP-0-vitisCDrive/design_1_wrapper/export/design_1_wrapper/hw/design_1_wrapper.xsa -mem-ranges [list {0x40000000 0xbfffffff}] -regs
configparams force-mem-access 1
targets -set -nocase -filter {name =~"APU*"}
source C:/Users/cihem/cpre488/CPRE-488-Labs/MP-0/MP-0-vitisCDrive/Zedboard-doublehell/_ide/psinit/ps7_init.tcl
ps7_init
ps7_post_config
targets -set -nocase -filter {name =~ "*A9*#0"}
dow C:/Users/cihem/cpre488/CPRE-488-Labs/MP-0/MP-0-vitisCDrive/Zedboard-doublehell/Debug/Zedboard-doublehell.elf
configparams force-mem-access 0
----------------End of Script----------------

14:30:53 INFO  : Context for processor 'ps7_cortexa9_0' is selected.
14:30:53 INFO  : 'con' command is executed.
14:30:53 INFO  : ----------------XSDB Script (After Launch)----------------
targets -set -nocase -filter {name =~ "*A9*#0"}
con
----------------End of Script----------------

14:30:53 INFO  : Launch script is exported to file 'C:\Users\cihem\cpre488\CPRE-488-Labs\MP-0\MP-0-vitisCDrive\.sdk\launch_scripts\single_application_debug\systemdebugger_zedboard-doublehell_system_standalone.tcl'
14:32:47 INFO  : Disconnected from the channel tcfchan#5.
14:33:36 INFO  : Connected to target on host '127.0.0.1' and port '3121'.
14:33:37 INFO  : Jtag cable 'Digilent Zed 210248B9DB51' is selected.
14:33:37 INFO  : 'jtag frequency' command is executed.
14:33:37 INFO  : Context for 'APU' is selected.
14:33:37 INFO  : System reset is completed.
14:33:40 INFO  : 'after 3000' command is executed.
14:33:40 INFO  : 'targets -set -filter {jtag_cable_name =~ "Digilent Zed 210248B9DB51" && level==0 && jtag_device_ctx=="jsn-Zed-210248B9DB51-23727093-0"}' command is executed.
14:33:42 INFO  : FPGA configured successfully with bitstream "C:/Users/cihem/cpre488/CPRE-488-Labs/MP-0/MP-0-vitisCDrive/Zedboard-doublehell/_ide/bitstream/design_1_wrapper.bit"
14:33:42 INFO  : Context for 'APU' is selected.
14:33:44 INFO  : Hardware design and registers information is loaded from 'C:/Users/cihem/cpre488/CPRE-488-Labs/MP-0/MP-0-vitisCDrive/design_1_wrapper/export/design_1_wrapper/hw/design_1_wrapper.xsa'.
14:33:44 INFO  : 'configparams force-mem-access 1' command is executed.
14:33:44 INFO  : Context for 'APU' is selected.
14:33:44 INFO  : Sourcing of 'C:/Users/cihem/cpre488/CPRE-488-Labs/MP-0/MP-0-vitisCDrive/Zedboard-doublehell/_ide/psinit/ps7_init.tcl' is done.
14:33:44 INFO  : 'ps7_init' command is executed.
14:33:44 INFO  : 'ps7_post_config' command is executed.
14:33:44 INFO  : Context for processor 'ps7_cortexa9_0' is selected.
14:33:44 INFO  : The application 'C:/Users/cihem/cpre488/CPRE-488-Labs/MP-0/MP-0-vitisCDrive/Zedboard-doublehell/Debug/Zedboard-doublehell.elf' is downloaded to processor 'ps7_cortexa9_0'.
14:33:44 INFO  : 'configparams force-mem-access 0' command is executed.
14:33:44 INFO  : ----------------XSDB Script----------------
connect -url tcp:127.0.0.1:3121
targets -set -nocase -filter {name =~"APU*"}
rst -system
after 3000
targets -set -filter {jtag_cable_name =~ "Digilent Zed 210248B9DB51" && level==0 && jtag_device_ctx=="jsn-Zed-210248B9DB51-23727093-0"}
fpga -file C:/Users/cihem/cpre488/CPRE-488-Labs/MP-0/MP-0-vitisCDrive/Zedboard-doublehell/_ide/bitstream/design_1_wrapper.bit
targets -set -nocase -filter {name =~"APU*"}
loadhw -hw C:/Users/cihem/cpre488/CPRE-488-Labs/MP-0/MP-0-vitisCDrive/design_1_wrapper/export/design_1_wrapper/hw/design_1_wrapper.xsa -mem-ranges [list {0x40000000 0xbfffffff}] -regs
configparams force-mem-access 1
targets -set -nocase -filter {name =~"APU*"}
source C:/Users/cihem/cpre488/CPRE-488-Labs/MP-0/MP-0-vitisCDrive/Zedboard-doublehell/_ide/psinit/ps7_init.tcl
ps7_init
ps7_post_config
targets -set -nocase -filter {name =~ "*A9*#0"}
dow C:/Users/cihem/cpre488/CPRE-488-Labs/MP-0/MP-0-vitisCDrive/Zedboard-doublehell/Debug/Zedboard-doublehell.elf
configparams force-mem-access 0
----------------End of Script----------------

14:33:44 INFO  : Context for processor 'ps7_cortexa9_0' is selected.
14:33:44 INFO  : 'con' command is executed.
14:33:44 INFO  : ----------------XSDB Script (After Launch)----------------
targets -set -nocase -filter {name =~ "*A9*#0"}
con
----------------End of Script----------------

14:33:44 INFO  : Launch script is exported to file 'C:\Users\cihem\cpre488\CPRE-488-Labs\MP-0\MP-0-vitisCDrive\.sdk\launch_scripts\single_application_debug\systemdebugger_zedboard-doublehell_system_standalone.tcl'
14:34:36 INFO  : Disconnected from the channel tcfchan#6.
14:36:09 INFO  : Connected to target on host '127.0.0.1' and port '3121'.
14:36:09 INFO  : 'targets -set -filter {jtag_cable_name =~ "Digilent Zed 210248B9DB51" && level==0 && jtag_device_ctx=="jsn-Zed-210248B9DB51-23727093-0"}' command is executed.
14:36:11 INFO  : FPGA configured successfully with bitstream "C:/Users/cihem/cpre488/CPRE-488-Labs/MP-0/MP-0-vitisCDrive/Zedboard-doublehell/_ide/bitstream/design_1_wrapper.bit"
14:36:55 INFO  : Connected to target on host '127.0.0.1' and port '3121'.
14:36:55 INFO  : Jtag cable 'Digilent Zed 210248B9DB51' is selected.
14:36:55 INFO  : 'jtag frequency' command is executed.
14:36:55 INFO  : Context for 'APU' is selected.
14:36:55 INFO  : System reset is completed.
14:36:58 INFO  : 'after 3000' command is executed.
14:36:59 INFO  : 'targets -set -filter {jtag_cable_name =~ "Digilent Zed 210248B9DB51" && level==0 && jtag_device_ctx=="jsn-Zed-210248B9DB51-23727093-0"}' command is executed.
14:37:01 INFO  : FPGA configured successfully with bitstream "C:/Users/cihem/cpre488/CPRE-488-Labs/MP-0/MP-0-vitisCDrive/Zedboard-doublehell/_ide/bitstream/design_1_wrapper.bit"
14:37:01 INFO  : Context for 'APU' is selected.
14:37:01 INFO  : Hardware design and registers information is loaded from 'C:/Users/cihem/cpre488/CPRE-488-Labs/MP-0/MP-0-vitisCDrive/design_1_wrapper/export/design_1_wrapper/hw/design_1_wrapper.xsa'.
14:37:01 INFO  : 'configparams force-mem-access 1' command is executed.
14:37:01 INFO  : Context for 'APU' is selected.
14:37:01 INFO  : Sourcing of 'C:/Users/cihem/cpre488/CPRE-488-Labs/MP-0/MP-0-vitisCDrive/Zedboard-doublehell/_ide/psinit/ps7_init.tcl' is done.
14:37:01 INFO  : 'ps7_init' command is executed.
14:37:01 INFO  : 'ps7_post_config' command is executed.
14:37:01 INFO  : Context for processor 'ps7_cortexa9_0' is selected.
14:37:01 INFO  : The application 'C:/Users/cihem/cpre488/CPRE-488-Labs/MP-0/MP-0-vitisCDrive/Zedboard-doublehell/Debug/Zedboard-doublehell.elf' is downloaded to processor 'ps7_cortexa9_0'.
14:37:01 INFO  : 'configparams force-mem-access 0' command is executed.
14:37:01 INFO  : ----------------XSDB Script----------------
connect -url tcp:127.0.0.1:3121
targets -set -nocase -filter {name =~"APU*"}
rst -system
after 3000
targets -set -filter {jtag_cable_name =~ "Digilent Zed 210248B9DB51" && level==0 && jtag_device_ctx=="jsn-Zed-210248B9DB51-23727093-0"}
fpga -file C:/Users/cihem/cpre488/CPRE-488-Labs/MP-0/MP-0-vitisCDrive/Zedboard-doublehell/_ide/bitstream/design_1_wrapper.bit
targets -set -nocase -filter {name =~"APU*"}
loadhw -hw C:/Users/cihem/cpre488/CPRE-488-Labs/MP-0/MP-0-vitisCDrive/design_1_wrapper/export/design_1_wrapper/hw/design_1_wrapper.xsa -mem-ranges [list {0x40000000 0xbfffffff}] -regs
configparams force-mem-access 1
targets -set -nocase -filter {name =~"APU*"}
source C:/Users/cihem/cpre488/CPRE-488-Labs/MP-0/MP-0-vitisCDrive/Zedboard-doublehell/_ide/psinit/ps7_init.tcl
ps7_init
ps7_post_config
targets -set -nocase -filter {name =~ "*A9*#0"}
dow C:/Users/cihem/cpre488/CPRE-488-Labs/MP-0/MP-0-vitisCDrive/Zedboard-doublehell/Debug/Zedboard-doublehell.elf
configparams force-mem-access 0
----------------End of Script----------------

14:37:01 INFO  : Context for processor 'ps7_cortexa9_0' is selected.
14:37:01 INFO  : 'con' command is executed.
14:37:01 INFO  : ----------------XSDB Script (After Launch)----------------
targets -set -nocase -filter {name =~ "*A9*#0"}
con
----------------End of Script----------------

14:37:01 INFO  : Launch script is exported to file 'C:\Users\cihem\cpre488\CPRE-488-Labs\MP-0\MP-0-vitisCDrive\.sdk\launch_scripts\single_application_debug\systemdebugger_zedboard-doublehell_system_standalone.tcl'
14:38:37 INFO  : Connected to target on host '127.0.0.1' and port '3121'.
14:38:37 INFO  : 'targets -set -filter {jtag_cable_name =~ "Digilent Zed 210248B9DB51" && level==0 && jtag_device_ctx=="jsn-Zed-210248B9DB51-23727093-0"}' command is executed.
14:38:39 INFO  : FPGA configured successfully with bitstream "C:/Users/cihem/cpre488/CPRE-488-Labs/MP-0/MP-0-vitisCDrive/Zedboard-doublehell/_ide/bitstream/design_1_wrapper.bit"
14:38:47 INFO  : Checking for BSP changes to sync application flags for project 'Zedboard-doublehell'...
14:38:50 ERROR : (XSDB Server)ERROR: [Hsi 55-1571] The design file C:/Users/cihem/cpre488/CPRE-488-Labs/MP-0/MP-0-vitisCDrive/design_1_wrapper/export/design_1_wrapper/hw/design_1_wrapper.xsa is already opened

14:39:10 INFO  : Disconnected from the channel tcfchan#7.
14:39:10 INFO  : Connected to target on host '127.0.0.1' and port '3121'.
14:39:10 INFO  : Jtag cable 'Digilent Zed 210248B9DB51' is selected.
14:39:10 INFO  : 'jtag frequency' command is executed.
14:39:10 INFO  : Context for 'APU' is selected.
14:39:10 INFO  : System reset is completed.
14:39:13 INFO  : 'after 3000' command is executed.
14:39:13 INFO  : 'targets -set -filter {jtag_cable_name =~ "Digilent Zed 210248B9DB51" && level==0 && jtag_device_ctx=="jsn-Zed-210248B9DB51-23727093-0"}' command is executed.
14:39:15 INFO  : FPGA configured successfully with bitstream "C:/Users/cihem/cpre488/CPRE-488-Labs/MP-0/MP-0-vitisCDrive/Zedboard-doublehell/_ide/bitstream/design_1_wrapper.bit"
14:39:15 INFO  : Context for 'APU' is selected.
14:39:17 INFO  : Hardware design and registers information is loaded from 'C:/Users/cihem/cpre488/CPRE-488-Labs/MP-0/MP-0-vitisCDrive/design_1_wrapper/export/design_1_wrapper/hw/design_1_wrapper.xsa'.
14:39:17 INFO  : 'configparams force-mem-access 1' command is executed.
14:39:17 INFO  : Context for 'APU' is selected.
14:39:17 INFO  : Sourcing of 'C:/Users/cihem/cpre488/CPRE-488-Labs/MP-0/MP-0-vitisCDrive/Zedboard-doublehell/_ide/psinit/ps7_init.tcl' is done.
14:39:17 INFO  : 'ps7_init' command is executed.
14:39:17 INFO  : 'ps7_post_config' command is executed.
14:39:17 INFO  : Context for processor 'ps7_cortexa9_0' is selected.
14:39:17 INFO  : The application 'C:/Users/cihem/cpre488/CPRE-488-Labs/MP-0/MP-0-vitisCDrive/Zedboard-doublehell/Debug/Zedboard-doublehell.elf' is downloaded to processor 'ps7_cortexa9_0'.
14:39:17 INFO  : 'configparams force-mem-access 0' command is executed.
14:39:17 INFO  : ----------------XSDB Script----------------
connect -url tcp:127.0.0.1:3121
targets -set -nocase -filter {name =~"APU*"}
rst -system
after 3000
targets -set -filter {jtag_cable_name =~ "Digilent Zed 210248B9DB51" && level==0 && jtag_device_ctx=="jsn-Zed-210248B9DB51-23727093-0"}
fpga -file C:/Users/cihem/cpre488/CPRE-488-Labs/MP-0/MP-0-vitisCDrive/Zedboard-doublehell/_ide/bitstream/design_1_wrapper.bit
targets -set -nocase -filter {name =~"APU*"}
loadhw -hw C:/Users/cihem/cpre488/CPRE-488-Labs/MP-0/MP-0-vitisCDrive/design_1_wrapper/export/design_1_wrapper/hw/design_1_wrapper.xsa -mem-ranges [list {0x40000000 0xbfffffff}] -regs
configparams force-mem-access 1
targets -set -nocase -filter {name =~"APU*"}
source C:/Users/cihem/cpre488/CPRE-488-Labs/MP-0/MP-0-vitisCDrive/Zedboard-doublehell/_ide/psinit/ps7_init.tcl
ps7_init
ps7_post_config
targets -set -nocase -filter {name =~ "*A9*#0"}
dow C:/Users/cihem/cpre488/CPRE-488-Labs/MP-0/MP-0-vitisCDrive/Zedboard-doublehell/Debug/Zedboard-doublehell.elf
configparams force-mem-access 0
----------------End of Script----------------

14:39:17 INFO  : Context for processor 'ps7_cortexa9_0' is selected.
14:39:17 INFO  : 'con' command is executed.
14:39:17 INFO  : ----------------XSDB Script (After Launch)----------------
targets -set -nocase -filter {name =~ "*A9*#0"}
con
----------------End of Script----------------

14:39:17 INFO  : Launch script is exported to file 'C:\Users\cihem\cpre488\CPRE-488-Labs\MP-0\MP-0-vitisCDrive\.sdk\launch_scripts\single_application_debug\systemdebugger_zedboard-doublehell_system_standalone.tcl'
14:41:17 INFO  : Connected to target on host '127.0.0.1' and port '3121'.
14:41:17 INFO  : 'targets -set -filter {jtag_cable_name =~ "Digilent Zed 210248B9DB51" && level==0 && jtag_device_ctx=="jsn-Zed-210248B9DB51-23727093-0"}' command is executed.
14:41:20 INFO  : FPGA configured successfully with bitstream "C:/Users/cihem/cpre488/CPRE-488-Labs/MP-0/MP-0-vitisCDrive/Zedboard-doublehell/_ide/bitstream/design_1_wrapper.bit"
14:41:30 INFO  : Checking for BSP changes to sync application flags for project 'Zedboard-doublehell'...
14:41:32 ERROR : (XSDB Server)ERROR: [Hsi 55-1571] The design file C:/Users/cihem/cpre488/CPRE-488-Labs/MP-0/MP-0-vitisCDrive/design_1_wrapper/export/design_1_wrapper/hw/design_1_wrapper.xsa is already opened

14:41:43 INFO  : Disconnected from the channel tcfchan#9.
14:41:43 INFO  : Connected to target on host '127.0.0.1' and port '3121'.
14:41:44 INFO  : Jtag cable 'Digilent Zed 210248B9DB51' is selected.
14:41:44 INFO  : 'jtag frequency' command is executed.
14:41:44 INFO  : Context for 'APU' is selected.
14:41:44 INFO  : System reset is completed.
14:41:47 INFO  : 'after 3000' command is executed.
14:41:47 INFO  : 'targets -set -filter {jtag_cable_name =~ "Digilent Zed 210248B9DB51" && level==0 && jtag_device_ctx=="jsn-Zed-210248B9DB51-23727093-0"}' command is executed.
14:41:49 INFO  : FPGA configured successfully with bitstream "C:/Users/cihem/cpre488/CPRE-488-Labs/MP-0/MP-0-vitisCDrive/Zedboard-doublehell/_ide/bitstream/design_1_wrapper.bit"
14:41:49 INFO  : Context for 'APU' is selected.
14:41:50 INFO  : Hardware design and registers information is loaded from 'C:/Users/cihem/cpre488/CPRE-488-Labs/MP-0/MP-0-vitisCDrive/design_1_wrapper/export/design_1_wrapper/hw/design_1_wrapper.xsa'.
14:41:50 INFO  : 'configparams force-mem-access 1' command is executed.
14:41:50 INFO  : Context for 'APU' is selected.
14:41:50 INFO  : Sourcing of 'C:/Users/cihem/cpre488/CPRE-488-Labs/MP-0/MP-0-vitisCDrive/Zedboard-doublehell/_ide/psinit/ps7_init.tcl' is done.
14:41:51 INFO  : 'ps7_init' command is executed.
14:41:51 INFO  : 'ps7_post_config' command is executed.
14:41:51 INFO  : Context for processor 'ps7_cortexa9_0' is selected.
14:41:51 INFO  : The application 'C:/Users/cihem/cpre488/CPRE-488-Labs/MP-0/MP-0-vitisCDrive/Zedboard-doublehell/Release/Zedboard-doublehell.elf' is downloaded to processor 'ps7_cortexa9_0'.
14:41:51 INFO  : 'configparams force-mem-access 0' command is executed.
14:41:51 INFO  : ----------------XSDB Script----------------
connect -url tcp:127.0.0.1:3121
targets -set -nocase -filter {name =~"APU*"}
rst -system
after 3000
targets -set -filter {jtag_cable_name =~ "Digilent Zed 210248B9DB51" && level==0 && jtag_device_ctx=="jsn-Zed-210248B9DB51-23727093-0"}
fpga -file C:/Users/cihem/cpre488/CPRE-488-Labs/MP-0/MP-0-vitisCDrive/Zedboard-doublehell/_ide/bitstream/design_1_wrapper.bit
targets -set -nocase -filter {name =~"APU*"}
loadhw -hw C:/Users/cihem/cpre488/CPRE-488-Labs/MP-0/MP-0-vitisCDrive/design_1_wrapper/export/design_1_wrapper/hw/design_1_wrapper.xsa -mem-ranges [list {0x40000000 0xbfffffff}] -regs
configparams force-mem-access 1
targets -set -nocase -filter {name =~"APU*"}
source C:/Users/cihem/cpre488/CPRE-488-Labs/MP-0/MP-0-vitisCDrive/Zedboard-doublehell/_ide/psinit/ps7_init.tcl
ps7_init
ps7_post_config
targets -set -nocase -filter {name =~ "*A9*#0"}
dow C:/Users/cihem/cpre488/CPRE-488-Labs/MP-0/MP-0-vitisCDrive/Zedboard-doublehell/Release/Zedboard-doublehell.elf
configparams force-mem-access 0
----------------End of Script----------------

14:41:51 INFO  : Context for processor 'ps7_cortexa9_0' is selected.
14:41:51 INFO  : 'con' command is executed.
14:41:51 INFO  : ----------------XSDB Script (After Launch)----------------
targets -set -nocase -filter {name =~ "*A9*#0"}
con
----------------End of Script----------------

14:41:51 INFO  : Launch script is exported to file 'C:\Users\cihem\cpre488\CPRE-488-Labs\MP-0\MP-0-vitisCDrive\.sdk\launch_scripts\single_application_debug\systemdebugger_zedboard-doublehell_system_standalone.tcl'
14:42:00 INFO  : Checking for BSP changes to sync application flags for project 'Zedboard-doublehell'...
14:42:01 ERROR : (XSDB Server)ERROR: [Hsi 55-1571] The design file C:/Users/cihem/cpre488/CPRE-488-Labs/MP-0/MP-0-vitisCDrive/design_1_wrapper/export/design_1_wrapper/hw/design_1_wrapper.xsa is already opened

14:42:35 INFO  : Disconnected from the channel tcfchan#11.
14:42:35 INFO  : Connected to target on host '127.0.0.1' and port '3121'.
14:42:35 INFO  : Jtag cable 'Digilent Zed 210248B9DB51' is selected.
14:42:35 INFO  : 'jtag frequency' command is executed.
14:42:35 INFO  : Context for 'APU' is selected.
14:42:35 INFO  : System reset is completed.
14:42:38 INFO  : 'after 3000' command is executed.
14:42:38 INFO  : 'targets -set -filter {jtag_cable_name =~ "Digilent Zed 210248B9DB51" && level==0 && jtag_device_ctx=="jsn-Zed-210248B9DB51-23727093-0"}' command is executed.
14:42:40 INFO  : FPGA configured successfully with bitstream "C:/Users/cihem/cpre488/CPRE-488-Labs/MP-0/MP-0-vitisCDrive/Zedboard-doublehell/_ide/bitstream/design_1_wrapper.bit"
14:42:40 INFO  : Context for 'APU' is selected.
19:05:42 INFO  : Launching XSCT server: xsct.bat -n  -interactive C:\Temp\CPRE-488-Labs\MP-0\MP-0-vitisCDrive\temp_xsdb_launch_script.tcl
19:05:43 INFO  : XSCT server has started successfully.
19:05:43 INFO  : Successfully done setting XSCT server connection channel  
19:05:43 INFO  : plnx-install-location is set to ''
19:05:43 INFO  : Successfully done setting workspace for the tool. 
19:05:44 ERROR : Error encountered while initializing user repository paths
Reason: No Platforms Found.


19:05:44 INFO  : Platform repository initialization has completed.
19:05:45 INFO  : Registering command handlers for Vitis TCF services
19:05:45 INFO  : Successfully done query RDI_DATADIR 
19:07:37 INFO  : Connected to target on host '127.0.0.1' and port '3121'.
19:07:37 INFO  : 'targets -set -filter {jtag_cable_name =~ "Digilent Zed 210248B9DA56" && level==0 && jtag_device_ctx=="jsn-Zed-210248B9DA56-23727093-0"}' command is executed.
19:07:39 INFO  : FPGA configured successfully with bitstream "C:/Temp/CPRE-488-Labs/MP-0/MP-0-vitisCDrive/Zedboard-doublehell/_ide/bitstream/design_1_wrapper.bit"
19:08:06 INFO  : Result from executing command 'getProjects': design_1_wrapper
19:08:06 INFO  : Result from executing command 'getPlatforms': design_1_wrapper|C:/Temp/CPRE-488-Labs/MP-0/MP-0-vitisCDrive/design_1_wrapper/export/design_1_wrapper/design_1_wrapper.xpfm
19:08:06 INFO  : Checking for BSP changes to sync application flags for project 'Zedboard-doublehell'...
19:09:34 INFO  : Connected to target on host '127.0.0.1' and port '3121'.
19:09:35 INFO  : Jtag cable 'Digilent Zed 210248B9DA56' is selected.
19:09:35 INFO  : 'jtag frequency' command is executed.
19:09:35 INFO  : Context for 'APU' is selected.
19:09:35 INFO  : System reset is completed.
19:09:38 INFO  : 'after 3000' command is executed.
19:09:38 INFO  : 'targets -set -filter {jtag_cable_name =~ "Digilent Zed 210248B9DA56" && level==0 && jtag_device_ctx=="jsn-Zed-210248B9DA56-23727093-0"}' command is executed.
19:09:40 INFO  : FPGA configured successfully with bitstream "C:/Temp/CPRE-488-Labs/MP-0/MP-0-vitisCDrive/Zedboard-doublehell/_ide/bitstream/design_1_wrapper.bit"
19:09:40 INFO  : Context for 'APU' is selected.
19:09:40 INFO  : Hardware design and registers information is loaded from 'C:/Temp/CPRE-488-Labs/MP-0/MP-0-vitisCDrive/design_1_wrapper/export/design_1_wrapper/hw/design_1_wrapper.xsa'.
19:09:40 INFO  : 'configparams force-mem-access 1' command is executed.
19:09:40 INFO  : Context for 'APU' is selected.
19:09:40 INFO  : Sourcing of 'C:/Temp/CPRE-488-Labs/MP-0/MP-0-vitisCDrive/Zedboard-doublehell/_ide/psinit/ps7_init.tcl' is done.
19:09:40 INFO  : 'ps7_init' command is executed.
19:09:40 INFO  : 'ps7_post_config' command is executed.
19:09:40 INFO  : Context for processor 'ps7_cortexa9_0' is selected.
19:09:40 INFO  : The application 'C:/Temp/CPRE-488-Labs/MP-0/MP-0-vitisCDrive/Zedboard-doublehell/Debug/Zedboard-doublehell.elf' is downloaded to processor 'ps7_cortexa9_0'.
19:09:41 INFO  : 'configparams force-mem-access 0' command is executed.
19:09:41 INFO  : ----------------XSDB Script----------------
connect -url tcp:127.0.0.1:3121
targets -set -nocase -filter {name =~"APU*"}
rst -system
after 3000
targets -set -filter {jtag_cable_name =~ "Digilent Zed 210248B9DA56" && level==0 && jtag_device_ctx=="jsn-Zed-210248B9DA56-23727093-0"}
fpga -file C:/Temp/CPRE-488-Labs/MP-0/MP-0-vitisCDrive/Zedboard-doublehell/_ide/bitstream/design_1_wrapper.bit
targets -set -nocase -filter {name =~"APU*"}
loadhw -hw C:/Temp/CPRE-488-Labs/MP-0/MP-0-vitisCDrive/design_1_wrapper/export/design_1_wrapper/hw/design_1_wrapper.xsa -mem-ranges [list {0x40000000 0xbfffffff}] -regs
configparams force-mem-access 1
targets -set -nocase -filter {name =~"APU*"}
source C:/Temp/CPRE-488-Labs/MP-0/MP-0-vitisCDrive/Zedboard-doublehell/_ide/psinit/ps7_init.tcl
ps7_init
ps7_post_config
targets -set -nocase -filter {name =~ "*A9*#0"}
dow C:/Temp/CPRE-488-Labs/MP-0/MP-0-vitisCDrive/Zedboard-doublehell/Debug/Zedboard-doublehell.elf
configparams force-mem-access 0
----------------End of Script----------------

19:09:41 INFO  : Context for processor 'ps7_cortexa9_0' is selected.
19:09:41 INFO  : 'con' command is executed.
19:09:41 INFO  : ----------------XSDB Script (After Launch)----------------
targets -set -nocase -filter {name =~ "*A9*#0"}
con
----------------End of Script----------------

19:09:41 INFO  : Launch script is exported to file 'C:\Temp\CPRE-488-Labs\MP-0\MP-0-vitisCDrive\.sdk\launch_scripts\single_application_debug\debugger_zedboard-doublehell-default.tcl'
19:21:27 INFO  : Checking for BSP changes to sync application flags for project 'Zedboard-doublehell'...
19:21:39 INFO  : Checking for BSP changes to sync application flags for project 'Zedboard-doublehell'...
19:21:48 INFO  : Disconnected from the channel tcfchan#1.
19:21:49 INFO  : Connected to target on host '127.0.0.1' and port '3121'.
19:21:49 INFO  : Jtag cable 'Digilent Zed 210248B9DA56' is selected.
19:21:49 INFO  : 'jtag frequency' command is executed.
19:21:49 INFO  : Context for 'APU' is selected.
19:21:49 INFO  : System reset is completed.
19:21:52 INFO  : 'after 3000' command is executed.
19:21:52 INFO  : 'targets -set -filter {jtag_cable_name =~ "Digilent Zed 210248B9DA56" && level==0 && jtag_device_ctx=="jsn-Zed-210248B9DA56-23727093-0"}' command is executed.
19:21:54 INFO  : FPGA configured successfully with bitstream "C:/Temp/CPRE-488-Labs/MP-0/MP-0-vitisCDrive/Zedboard-doublehell/_ide/bitstream/design_1_wrapper.bit"
19:21:54 INFO  : Context for 'APU' is selected.
19:21:54 INFO  : Hardware design and registers information is loaded from 'C:/Temp/CPRE-488-Labs/MP-0/MP-0-vitisCDrive/design_1_wrapper/export/design_1_wrapper/hw/design_1_wrapper.xsa'.
19:21:54 INFO  : 'configparams force-mem-access 1' command is executed.
19:21:54 INFO  : Context for 'APU' is selected.
19:21:54 INFO  : Sourcing of 'C:/Temp/CPRE-488-Labs/MP-0/MP-0-vitisCDrive/Zedboard-doublehell/_ide/psinit/ps7_init.tcl' is done.
19:21:54 INFO  : 'ps7_init' command is executed.
19:21:54 INFO  : 'ps7_post_config' command is executed.
19:21:54 INFO  : Context for processor 'ps7_cortexa9_0' is selected.
19:21:54 INFO  : The application 'C:/Temp/CPRE-488-Labs/MP-0/MP-0-vitisCDrive/Zedboard-doublehell/Debug/Zedboard-doublehell.elf' is downloaded to processor 'ps7_cortexa9_0'.
19:21:54 INFO  : 'configparams force-mem-access 0' command is executed.
19:21:54 INFO  : ----------------XSDB Script----------------
connect -url tcp:127.0.0.1:3121
targets -set -nocase -filter {name =~"APU*"}
rst -system
after 3000
targets -set -filter {jtag_cable_name =~ "Digilent Zed 210248B9DA56" && level==0 && jtag_device_ctx=="jsn-Zed-210248B9DA56-23727093-0"}
fpga -file C:/Temp/CPRE-488-Labs/MP-0/MP-0-vitisCDrive/Zedboard-doublehell/_ide/bitstream/design_1_wrapper.bit
targets -set -nocase -filter {name =~"APU*"}
loadhw -hw C:/Temp/CPRE-488-Labs/MP-0/MP-0-vitisCDrive/design_1_wrapper/export/design_1_wrapper/hw/design_1_wrapper.xsa -mem-ranges [list {0x40000000 0xbfffffff}] -regs
configparams force-mem-access 1
targets -set -nocase -filter {name =~"APU*"}
source C:/Temp/CPRE-488-Labs/MP-0/MP-0-vitisCDrive/Zedboard-doublehell/_ide/psinit/ps7_init.tcl
ps7_init
ps7_post_config
targets -set -nocase -filter {name =~ "*A9*#0"}
dow C:/Temp/CPRE-488-Labs/MP-0/MP-0-vitisCDrive/Zedboard-doublehell/Debug/Zedboard-doublehell.elf
configparams force-mem-access 0
----------------End of Script----------------

19:21:55 INFO  : Context for processor 'ps7_cortexa9_0' is selected.
19:21:55 INFO  : 'con' command is executed.
19:21:55 INFO  : ----------------XSDB Script (After Launch)----------------
targets -set -nocase -filter {name =~ "*A9*#0"}
con
----------------End of Script----------------

19:21:55 INFO  : Launch script is exported to file 'C:\Temp\CPRE-488-Labs\MP-0\MP-0-vitisCDrive\.sdk\launch_scripts\single_application_debug\debugger_zedboard-doublehell-default.tcl'
19:22:08 INFO  : Checking for BSP changes to sync application flags for project 'Zedboard-doublehell'...
19:22:16 INFO  : Checking for BSP changes to sync application flags for project 'Zedboard-doublehell'...
19:22:26 INFO  : Disconnected from the channel tcfchan#3.
19:22:27 INFO  : Connected to target on host '127.0.0.1' and port '3121'.
19:22:27 INFO  : Jtag cable 'Digilent Zed 210248B9DA56' is selected.
19:22:27 INFO  : 'jtag frequency' command is executed.
19:22:27 INFO  : Context for 'APU' is selected.
19:22:27 INFO  : System reset is completed.
19:22:30 INFO  : 'after 3000' command is executed.
19:22:30 INFO  : 'targets -set -filter {jtag_cable_name =~ "Digilent Zed 210248B9DA56" && level==0 && jtag_device_ctx=="jsn-Zed-210248B9DA56-23727093-0"}' command is executed.
19:22:33 INFO  : FPGA configured successfully with bitstream "C:/Temp/CPRE-488-Labs/MP-0/MP-0-vitisCDrive/Zedboard-doublehell/_ide/bitstream/design_1_wrapper.bit"
19:22:33 INFO  : Context for 'APU' is selected.
19:22:33 INFO  : Hardware design and registers information is loaded from 'C:/Temp/CPRE-488-Labs/MP-0/MP-0-vitisCDrive/design_1_wrapper/export/design_1_wrapper/hw/design_1_wrapper.xsa'.
19:22:33 INFO  : 'configparams force-mem-access 1' command is executed.
19:22:33 INFO  : Context for 'APU' is selected.
19:22:33 INFO  : Sourcing of 'C:/Temp/CPRE-488-Labs/MP-0/MP-0-vitisCDrive/Zedboard-doublehell/_ide/psinit/ps7_init.tcl' is done.
19:22:33 INFO  : 'ps7_init' command is executed.
19:22:33 INFO  : 'ps7_post_config' command is executed.
19:22:33 INFO  : Context for processor 'ps7_cortexa9_0' is selected.
19:22:33 INFO  : The application 'C:/Temp/CPRE-488-Labs/MP-0/MP-0-vitisCDrive/Zedboard-doublehell/Debug/Zedboard-doublehell.elf' is downloaded to processor 'ps7_cortexa9_0'.
19:22:33 INFO  : 'configparams force-mem-access 0' command is executed.
19:22:33 INFO  : ----------------XSDB Script----------------
connect -url tcp:127.0.0.1:3121
targets -set -nocase -filter {name =~"APU*"}
rst -system
after 3000
targets -set -filter {jtag_cable_name =~ "Digilent Zed 210248B9DA56" && level==0 && jtag_device_ctx=="jsn-Zed-210248B9DA56-23727093-0"}
fpga -file C:/Temp/CPRE-488-Labs/MP-0/MP-0-vitisCDrive/Zedboard-doublehell/_ide/bitstream/design_1_wrapper.bit
targets -set -nocase -filter {name =~"APU*"}
loadhw -hw C:/Temp/CPRE-488-Labs/MP-0/MP-0-vitisCDrive/design_1_wrapper/export/design_1_wrapper/hw/design_1_wrapper.xsa -mem-ranges [list {0x40000000 0xbfffffff}] -regs
configparams force-mem-access 1
targets -set -nocase -filter {name =~"APU*"}
source C:/Temp/CPRE-488-Labs/MP-0/MP-0-vitisCDrive/Zedboard-doublehell/_ide/psinit/ps7_init.tcl
ps7_init
ps7_post_config
targets -set -nocase -filter {name =~ "*A9*#0"}
dow C:/Temp/CPRE-488-Labs/MP-0/MP-0-vitisCDrive/Zedboard-doublehell/Debug/Zedboard-doublehell.elf
configparams force-mem-access 0
----------------End of Script----------------

19:22:33 INFO  : Context for processor 'ps7_cortexa9_0' is selected.
19:22:33 INFO  : 'con' command is executed.
19:22:33 INFO  : ----------------XSDB Script (After Launch)----------------
targets -set -nocase -filter {name =~ "*A9*#0"}
con
----------------End of Script----------------

19:22:33 INFO  : Launch script is exported to file 'C:\Temp\CPRE-488-Labs\MP-0\MP-0-vitisCDrive\.sdk\launch_scripts\single_application_debug\debugger_zedboard-doublehell-default.tcl'
19:32:25 INFO  : Checking for BSP changes to sync application flags for project 'Zedboard-doublehell'...
19:32:33 INFO  : Checking for BSP changes to sync application flags for project 'Zedboard-doublehell'...
19:32:53 INFO  : Checking for BSP changes to sync application flags for project 'Zedboard-doublehell'...
19:33:40 INFO  : Checking for BSP changes to sync application flags for project 'Zedboard-doublehell'...
19:33:54 INFO  : Checking for BSP changes to sync application flags for project 'Zedboard-doublehell'...
19:34:24 INFO  : Disconnected from the channel tcfchan#4.
19:34:25 INFO  : Connected to target on host '127.0.0.1' and port '3121'.
19:34:25 INFO  : Jtag cable 'Digilent Zed 210248B9DA56' is selected.
19:34:25 INFO  : 'jtag frequency' command is executed.
19:34:25 INFO  : Context for 'APU' is selected.
19:34:25 INFO  : System reset is completed.
19:34:28 INFO  : 'after 3000' command is executed.
19:34:28 INFO  : 'targets -set -filter {jtag_cable_name =~ "Digilent Zed 210248B9DA56" && level==0 && jtag_device_ctx=="jsn-Zed-210248B9DA56-23727093-0"}' command is executed.
19:34:31 INFO  : FPGA configured successfully with bitstream "C:/Temp/CPRE-488-Labs/MP-0/MP-0-vitisCDrive/Zedboard-doublehell/_ide/bitstream/design_1_wrapper.bit"
19:34:31 INFO  : Context for 'APU' is selected.
19:34:31 INFO  : Hardware design and registers information is loaded from 'C:/Temp/CPRE-488-Labs/MP-0/MP-0-vitisCDrive/design_1_wrapper/export/design_1_wrapper/hw/design_1_wrapper.xsa'.
19:34:31 INFO  : 'configparams force-mem-access 1' command is executed.
19:34:31 INFO  : Context for 'APU' is selected.
19:34:31 INFO  : Sourcing of 'C:/Temp/CPRE-488-Labs/MP-0/MP-0-vitisCDrive/Zedboard-doublehell/_ide/psinit/ps7_init.tcl' is done.
19:34:31 INFO  : 'ps7_init' command is executed.
19:34:31 INFO  : 'ps7_post_config' command is executed.
19:34:31 INFO  : Context for processor 'ps7_cortexa9_0' is selected.
19:34:31 INFO  : The application 'C:/Temp/CPRE-488-Labs/MP-0/MP-0-vitisCDrive/Zedboard-doublehell/Debug/Zedboard-doublehell.elf' is downloaded to processor 'ps7_cortexa9_0'.
19:34:31 INFO  : 'configparams force-mem-access 0' command is executed.
19:34:31 INFO  : ----------------XSDB Script----------------
connect -url tcp:127.0.0.1:3121
targets -set -nocase -filter {name =~"APU*"}
rst -system
after 3000
targets -set -filter {jtag_cable_name =~ "Digilent Zed 210248B9DA56" && level==0 && jtag_device_ctx=="jsn-Zed-210248B9DA56-23727093-0"}
fpga -file C:/Temp/CPRE-488-Labs/MP-0/MP-0-vitisCDrive/Zedboard-doublehell/_ide/bitstream/design_1_wrapper.bit
targets -set -nocase -filter {name =~"APU*"}
loadhw -hw C:/Temp/CPRE-488-Labs/MP-0/MP-0-vitisCDrive/design_1_wrapper/export/design_1_wrapper/hw/design_1_wrapper.xsa -mem-ranges [list {0x40000000 0xbfffffff}] -regs
configparams force-mem-access 1
targets -set -nocase -filter {name =~"APU*"}
source C:/Temp/CPRE-488-Labs/MP-0/MP-0-vitisCDrive/Zedboard-doublehell/_ide/psinit/ps7_init.tcl
ps7_init
ps7_post_config
targets -set -nocase -filter {name =~ "*A9*#0"}
dow C:/Temp/CPRE-488-Labs/MP-0/MP-0-vitisCDrive/Zedboard-doublehell/Debug/Zedboard-doublehell.elf
configparams force-mem-access 0
----------------End of Script----------------

19:34:31 INFO  : Context for processor 'ps7_cortexa9_0' is selected.
19:34:31 INFO  : 'con' command is executed.
19:34:31 INFO  : ----------------XSDB Script (After Launch)----------------
targets -set -nocase -filter {name =~ "*A9*#0"}
con
----------------End of Script----------------

19:34:31 INFO  : Launch script is exported to file 'C:\Temp\CPRE-488-Labs\MP-0\MP-0-vitisCDrive\.sdk\launch_scripts\single_application_debug\debugger_zedboard-doublehell-default.tcl'
19:35:00 INFO  : Disconnected from the channel tcfchan#5.
19:39:29 INFO  : Checking for BSP changes to sync application flags for project 'Zedboard-doublehell'...
19:39:38 INFO  : Connected to target on host '127.0.0.1' and port '3121'.
19:39:38 INFO  : Jtag cable 'Digilent Zed 210248B9DA56' is selected.
19:39:38 INFO  : 'jtag frequency' command is executed.
19:39:38 INFO  : Context for 'APU' is selected.
19:39:38 INFO  : System reset is completed.
19:39:41 INFO  : 'after 3000' command is executed.
19:39:41 INFO  : 'targets -set -filter {jtag_cable_name =~ "Digilent Zed 210248B9DA56" && level==0 && jtag_device_ctx=="jsn-Zed-210248B9DA56-23727093-0"}' command is executed.
19:39:44 INFO  : FPGA configured successfully with bitstream "C:/Temp/CPRE-488-Labs/MP-0/MP-0-vitisCDrive/Zedboard-doublehell/_ide/bitstream/design_1_wrapper.bit"
19:39:44 INFO  : Context for 'APU' is selected.
19:39:44 INFO  : Hardware design and registers information is loaded from 'C:/Temp/CPRE-488-Labs/MP-0/MP-0-vitisCDrive/design_1_wrapper/export/design_1_wrapper/hw/design_1_wrapper.xsa'.
19:39:44 INFO  : 'configparams force-mem-access 1' command is executed.
19:39:44 INFO  : Context for 'APU' is selected.
19:39:44 INFO  : Sourcing of 'C:/Temp/CPRE-488-Labs/MP-0/MP-0-vitisCDrive/Zedboard-doublehell/_ide/psinit/ps7_init.tcl' is done.
19:39:44 INFO  : 'ps7_init' command is executed.
19:39:44 INFO  : 'ps7_post_config' command is executed.
19:39:44 INFO  : Context for processor 'ps7_cortexa9_0' is selected.
19:39:44 INFO  : The application 'C:/Temp/CPRE-488-Labs/MP-0/MP-0-vitisCDrive/Zedboard-doublehell/Debug/Zedboard-doublehell.elf' is downloaded to processor 'ps7_cortexa9_0'.
19:39:44 INFO  : 'configparams force-mem-access 0' command is executed.
19:39:44 INFO  : ----------------XSDB Script----------------
connect -url tcp:127.0.0.1:3121
targets -set -nocase -filter {name =~"APU*"}
rst -system
after 3000
targets -set -filter {jtag_cable_name =~ "Digilent Zed 210248B9DA56" && level==0 && jtag_device_ctx=="jsn-Zed-210248B9DA56-23727093-0"}
fpga -file C:/Temp/CPRE-488-Labs/MP-0/MP-0-vitisCDrive/Zedboard-doublehell/_ide/bitstream/design_1_wrapper.bit
targets -set -nocase -filter {name =~"APU*"}
loadhw -hw C:/Temp/CPRE-488-Labs/MP-0/MP-0-vitisCDrive/design_1_wrapper/export/design_1_wrapper/hw/design_1_wrapper.xsa -mem-ranges [list {0x40000000 0xbfffffff}] -regs
configparams force-mem-access 1
targets -set -nocase -filter {name =~"APU*"}
source C:/Temp/CPRE-488-Labs/MP-0/MP-0-vitisCDrive/Zedboard-doublehell/_ide/psinit/ps7_init.tcl
ps7_init
ps7_post_config
targets -set -nocase -filter {name =~ "*A9*#0"}
dow C:/Temp/CPRE-488-Labs/MP-0/MP-0-vitisCDrive/Zedboard-doublehell/Debug/Zedboard-doublehell.elf
configparams force-mem-access 0
----------------End of Script----------------

19:39:44 INFO  : Context for processor 'ps7_cortexa9_0' is selected.
19:39:44 INFO  : 'con' command is executed.
19:39:44 INFO  : ----------------XSDB Script (After Launch)----------------
targets -set -nocase -filter {name =~ "*A9*#0"}
con
----------------End of Script----------------

19:39:44 INFO  : Launch script is exported to file 'C:\Temp\CPRE-488-Labs\MP-0\MP-0-vitisCDrive\.sdk\launch_scripts\single_application_debug\debugger_zedboard-doublehell-default.tcl'
11:20:39 INFO  : Launching XSCT server: xsct.bat -n  -interactive C:\Users\cihem\488\CPRE-488-Labs\MP-0\MP-0-vitisCDrive\temp_xsdb_launch_script.tcl
11:20:41 INFO  : XSCT server has started successfully.
11:20:41 INFO  : plnx-install-location is set to ''
11:20:41 INFO  : Successfully done setting XSCT server connection channel  
11:20:41 INFO  : Successfully done setting workspace for the tool. 
11:20:44 ERROR : Error encountered while initializing user repository paths
Reason: No Platforms Found.


11:20:44 INFO  : Platform repository initialization has completed.
11:20:44 INFO  : Registering command handlers for Vitis TCF services
11:20:46 INFO  : Successfully done query RDI_DATADIR 
11:22:06 INFO  : Result from executing command 'getProjects': design_1_wrapper
11:22:06 INFO  : Result from executing command 'getPlatforms': design_1_wrapper|C:/Users/cihem/488/CPRE-488-Labs/MP-0/MP-0-vitisCDrive/design_1_wrapper/export/design_1_wrapper/design_1_wrapper.xpfm
11:22:06 INFO  : Checking for BSP changes to sync application flags for project 'Zedboard-doublehell'...
11:23:11 INFO  : Checking for BSP changes to sync application flags for project 'Zedboard-doublehell'...
11:23:26 INFO  : Connected to target on host '127.0.0.1' and port '3121'.
11:23:26 INFO  : 'targets -set -filter {jtag_cable_name =~ "Digilent Zed 210248B9DA75" && level==0 && jtag_device_ctx=="jsn-Zed-210248B9DA75-23727093-0"}' command is executed.
11:23:28 INFO  : FPGA configured successfully with bitstream "C:/Users/cihem/488/CPRE-488-Labs/MP-0/MP-0-vitisCDrive/Zedboard-doublehell/_ide/bitstream/design_1_wrapper.bit"
11:23:38 INFO  : Connected to target on host '127.0.0.1' and port '3121'.
11:23:39 INFO  : Jtag cable 'Digilent Zed 210248B9DA75' is selected.
11:23:39 INFO  : 'jtag frequency' command is executed.
11:23:39 INFO  : Context for 'APU' is selected.
11:23:39 INFO  : System reset is completed.
11:23:42 INFO  : 'after 3000' command is executed.
11:23:42 INFO  : 'targets -set -filter {jtag_cable_name =~ "Digilent Zed 210248B9DA75" && level==0 && jtag_device_ctx=="jsn-Zed-210248B9DA75-23727093-0"}' command is executed.
11:23:44 INFO  : FPGA configured successfully with bitstream "C:/Users/cihem/488/CPRE-488-Labs/MP-0/MP-0-vitisCDrive/Zedboard-doublehell/_ide/bitstream/design_1_wrapper.bit"
11:23:44 INFO  : Context for 'APU' is selected.
11:23:44 INFO  : Hardware design and registers information is loaded from 'C:/Users/cihem/488/CPRE-488-Labs/MP-0/MP-0-vitisCDrive/design_1_wrapper/export/design_1_wrapper/hw/design_1_wrapper.xsa'.
11:23:44 INFO  : 'configparams force-mem-access 1' command is executed.
11:23:44 INFO  : Context for 'APU' is selected.
11:23:44 INFO  : Sourcing of 'C:/Users/cihem/488/CPRE-488-Labs/MP-0/MP-0-vitisCDrive/Zedboard-doublehell/_ide/psinit/ps7_init.tcl' is done.
11:23:44 INFO  : 'ps7_init' command is executed.
11:23:44 INFO  : 'ps7_post_config' command is executed.
11:23:44 INFO  : Context for processor 'ps7_cortexa9_0' is selected.
11:23:45 INFO  : The application 'C:/Users/cihem/488/CPRE-488-Labs/MP-0/MP-0-vitisCDrive/Zedboard-doublehell/Debug/Zedboard-doublehell.elf' is downloaded to processor 'ps7_cortexa9_0'.
11:23:45 INFO  : 'configparams force-mem-access 0' command is executed.
11:23:45 INFO  : ----------------XSDB Script----------------
connect -url tcp:127.0.0.1:3121
targets -set -nocase -filter {name =~"APU*"}
rst -system
after 3000
targets -set -filter {jtag_cable_name =~ "Digilent Zed 210248B9DA75" && level==0 && jtag_device_ctx=="jsn-Zed-210248B9DA75-23727093-0"}
fpga -file C:/Users/cihem/488/CPRE-488-Labs/MP-0/MP-0-vitisCDrive/Zedboard-doublehell/_ide/bitstream/design_1_wrapper.bit
targets -set -nocase -filter {name =~"APU*"}
loadhw -hw C:/Users/cihem/488/CPRE-488-Labs/MP-0/MP-0-vitisCDrive/design_1_wrapper/export/design_1_wrapper/hw/design_1_wrapper.xsa -mem-ranges [list {0x40000000 0xbfffffff}] -regs
configparams force-mem-access 1
targets -set -nocase -filter {name =~"APU*"}
source C:/Users/cihem/488/CPRE-488-Labs/MP-0/MP-0-vitisCDrive/Zedboard-doublehell/_ide/psinit/ps7_init.tcl
ps7_init
ps7_post_config
targets -set -nocase -filter {name =~ "*A9*#0"}
dow C:/Users/cihem/488/CPRE-488-Labs/MP-0/MP-0-vitisCDrive/Zedboard-doublehell/Debug/Zedboard-doublehell.elf
configparams force-mem-access 0
----------------End of Script----------------

11:23:45 INFO  : Context for processor 'ps7_cortexa9_0' is selected.
11:23:45 INFO  : 'con' command is executed.
11:23:45 INFO  : ----------------XSDB Script (After Launch)----------------
targets -set -nocase -filter {name =~ "*A9*#0"}
con
----------------End of Script----------------

11:23:45 INFO  : Launch script is exported to file 'C:\Users\cihem\488\CPRE-488-Labs\MP-0\MP-0-vitisCDrive\.sdk\launch_scripts\single_application_debug\debugger_zedboard-doublehell-default.tcl'
11:24:15 INFO  : Disconnected from the channel tcfchan#2.
11:24:21 INFO  : Connected to target on host '127.0.0.1' and port '3121'.
11:24:21 INFO  : Jtag cable 'Digilent Zed 210248B9DA75' is selected.
11:24:21 INFO  : 'jtag frequency' command is executed.
11:24:21 INFO  : Context for 'APU' is selected.
11:24:21 INFO  : System reset is completed.
11:24:24 INFO  : 'after 3000' command is executed.
11:24:24 INFO  : 'targets -set -filter {jtag_cable_name =~ "Digilent Zed 210248B9DA75" && level==0 && jtag_device_ctx=="jsn-Zed-210248B9DA75-23727093-0"}' command is executed.
11:24:26 INFO  : FPGA configured successfully with bitstream "C:/Users/cihem/488/CPRE-488-Labs/MP-0/MP-0-vitisCDrive/Zedboard-doublehell/_ide/bitstream/design_1_wrapper.bit"
11:24:26 INFO  : Context for 'APU' is selected.
11:24:26 INFO  : Hardware design and registers information is loaded from 'C:/Users/cihem/488/CPRE-488-Labs/MP-0/MP-0-vitisCDrive/design_1_wrapper/export/design_1_wrapper/hw/design_1_wrapper.xsa'.
11:24:26 INFO  : 'configparams force-mem-access 1' command is executed.
11:24:26 INFO  : Context for 'APU' is selected.
11:24:26 INFO  : Sourcing of 'C:/Users/cihem/488/CPRE-488-Labs/MP-0/MP-0-vitisCDrive/Zedboard-doublehell/_ide/psinit/ps7_init.tcl' is done.
11:24:27 INFO  : 'ps7_init' command is executed.
11:24:27 INFO  : 'ps7_post_config' command is executed.
11:24:27 INFO  : Context for processor 'ps7_cortexa9_0' is selected.
11:24:27 INFO  : The application 'C:/Users/cihem/488/CPRE-488-Labs/MP-0/MP-0-vitisCDrive/Zedboard-doublehell/Debug/Zedboard-doublehell.elf' is downloaded to processor 'ps7_cortexa9_0'.
11:24:27 INFO  : 'configparams force-mem-access 0' command is executed.
11:24:27 INFO  : ----------------XSDB Script----------------
connect -url tcp:127.0.0.1:3121
targets -set -nocase -filter {name =~"APU*"}
rst -system
after 3000
targets -set -filter {jtag_cable_name =~ "Digilent Zed 210248B9DA75" && level==0 && jtag_device_ctx=="jsn-Zed-210248B9DA75-23727093-0"}
fpga -file C:/Users/cihem/488/CPRE-488-Labs/MP-0/MP-0-vitisCDrive/Zedboard-doublehell/_ide/bitstream/design_1_wrapper.bit
targets -set -nocase -filter {name =~"APU*"}
loadhw -hw C:/Users/cihem/488/CPRE-488-Labs/MP-0/MP-0-vitisCDrive/design_1_wrapper/export/design_1_wrapper/hw/design_1_wrapper.xsa -mem-ranges [list {0x40000000 0xbfffffff}] -regs
configparams force-mem-access 1
targets -set -nocase -filter {name =~"APU*"}
source C:/Users/cihem/488/CPRE-488-Labs/MP-0/MP-0-vitisCDrive/Zedboard-doublehell/_ide/psinit/ps7_init.tcl
ps7_init
ps7_post_config
targets -set -nocase -filter {name =~ "*A9*#0"}
dow C:/Users/cihem/488/CPRE-488-Labs/MP-0/MP-0-vitisCDrive/Zedboard-doublehell/Debug/Zedboard-doublehell.elf
configparams force-mem-access 0
----------------End of Script----------------

11:24:27 INFO  : Context for processor 'ps7_cortexa9_0' is selected.
11:24:27 INFO  : 'con' command is executed.
11:24:27 INFO  : ----------------XSDB Script (After Launch)----------------
targets -set -nocase -filter {name =~ "*A9*#0"}
con
----------------End of Script----------------

11:24:27 INFO  : Launch script is exported to file 'C:\Users\cihem\488\CPRE-488-Labs\MP-0\MP-0-vitisCDrive\.sdk\launch_scripts\single_application_debug\debugger_zedboard-doublehell-default.tcl'
11:25:47 INFO  : Disconnected from the channel tcfchan#3.
11:25:48 INFO  : Connected to target on host '127.0.0.1' and port '3121'.
11:25:48 INFO  : Jtag cable 'Digilent Zed 210248B9DA75' is selected.
11:25:48 INFO  : 'jtag frequency' command is executed.
11:25:48 INFO  : Context for 'APU' is selected.
11:25:48 INFO  : System reset is completed.
11:25:51 INFO  : 'after 3000' command is executed.
11:25:51 INFO  : 'targets -set -filter {jtag_cable_name =~ "Digilent Zed 210248B9DA75" && level==0 && jtag_device_ctx=="jsn-Zed-210248B9DA75-23727093-0"}' command is executed.
11:25:53 INFO  : FPGA configured successfully with bitstream "C:/Users/cihem/488/CPRE-488-Labs/MP-0/MP-0-vitisCDrive/Zedboard-doublehell/_ide/bitstream/design_1_wrapper.bit"
11:25:53 INFO  : Context for 'APU' is selected.
11:25:53 INFO  : Hardware design and registers information is loaded from 'C:/Users/cihem/488/CPRE-488-Labs/MP-0/MP-0-vitisCDrive/design_1_wrapper/export/design_1_wrapper/hw/design_1_wrapper.xsa'.
11:25:53 INFO  : 'configparams force-mem-access 1' command is executed.
11:25:53 INFO  : Context for 'APU' is selected.
11:25:53 INFO  : Sourcing of 'C:/Users/cihem/488/CPRE-488-Labs/MP-0/MP-0-vitisCDrive/Zedboard-doublehell/_ide/psinit/ps7_init.tcl' is done.
11:25:53 INFO  : 'ps7_init' command is executed.
11:25:53 INFO  : 'ps7_post_config' command is executed.
11:25:53 INFO  : Context for processor 'ps7_cortexa9_0' is selected.
11:25:53 INFO  : The application 'C:/Users/cihem/488/CPRE-488-Labs/MP-0/MP-0-vitisCDrive/Zedboard-doublehell/Debug/Zedboard-doublehell.elf' is downloaded to processor 'ps7_cortexa9_0'.
11:25:53 INFO  : 'configparams force-mem-access 0' command is executed.
11:25:53 INFO  : ----------------XSDB Script----------------
connect -url tcp:127.0.0.1:3121
targets -set -nocase -filter {name =~"APU*"}
rst -system
after 3000
targets -set -filter {jtag_cable_name =~ "Digilent Zed 210248B9DA75" && level==0 && jtag_device_ctx=="jsn-Zed-210248B9DA75-23727093-0"}
fpga -file C:/Users/cihem/488/CPRE-488-Labs/MP-0/MP-0-vitisCDrive/Zedboard-doublehell/_ide/bitstream/design_1_wrapper.bit
targets -set -nocase -filter {name =~"APU*"}
loadhw -hw C:/Users/cihem/488/CPRE-488-Labs/MP-0/MP-0-vitisCDrive/design_1_wrapper/export/design_1_wrapper/hw/design_1_wrapper.xsa -mem-ranges [list {0x40000000 0xbfffffff}] -regs
configparams force-mem-access 1
targets -set -nocase -filter {name =~"APU*"}
source C:/Users/cihem/488/CPRE-488-Labs/MP-0/MP-0-vitisCDrive/Zedboard-doublehell/_ide/psinit/ps7_init.tcl
ps7_init
ps7_post_config
targets -set -nocase -filter {name =~ "*A9*#0"}
dow C:/Users/cihem/488/CPRE-488-Labs/MP-0/MP-0-vitisCDrive/Zedboard-doublehell/Debug/Zedboard-doublehell.elf
configparams force-mem-access 0
----------------End of Script----------------

11:25:54 INFO  : Context for processor 'ps7_cortexa9_0' is selected.
11:25:54 INFO  : 'con' command is executed.
11:25:54 INFO  : ----------------XSDB Script (After Launch)----------------
targets -set -nocase -filter {name =~ "*A9*#0"}
con
----------------End of Script----------------

11:25:54 INFO  : Launch script is exported to file 'C:\Users\cihem\488\CPRE-488-Labs\MP-0\MP-0-vitisCDrive\.sdk\launch_scripts\single_application_debug\debugger_zedboard-doublehell-default.tcl'
11:26:07 INFO  : Disconnected from the channel tcfchan#4.
11:34:14 INFO  : Checking for BSP changes to sync application flags for project 'Zedboard-doublehell'...
11:34:23 INFO  : Connected to target on host '127.0.0.1' and port '3121'.
11:34:23 INFO  : Jtag cable 'Digilent Zed 210248B9DA75' is selected.
11:34:23 INFO  : 'jtag frequency' command is executed.
11:34:23 INFO  : Context for 'APU' is selected.
11:34:23 INFO  : System reset is completed.
11:34:26 INFO  : 'after 3000' command is executed.
11:34:26 INFO  : 'targets -set -filter {jtag_cable_name =~ "Digilent Zed 210248B9DA75" && level==0 && jtag_device_ctx=="jsn-Zed-210248B9DA75-23727093-0"}' command is executed.
11:34:29 INFO  : FPGA configured successfully with bitstream "C:/Users/cihem/488/CPRE-488-Labs/MP-0/MP-0-vitisCDrive/Zedboard-doublehell/_ide/bitstream/design_1_wrapper.bit"
11:34:29 INFO  : Context for 'APU' is selected.
11:34:29 INFO  : Hardware design and registers information is loaded from 'C:/Users/cihem/488/CPRE-488-Labs/MP-0/MP-0-vitisCDrive/design_1_wrapper/export/design_1_wrapper/hw/design_1_wrapper.xsa'.
11:34:29 INFO  : 'configparams force-mem-access 1' command is executed.
11:34:29 INFO  : Context for 'APU' is selected.
11:34:29 INFO  : Sourcing of 'C:/Users/cihem/488/CPRE-488-Labs/MP-0/MP-0-vitisCDrive/Zedboard-doublehell/_ide/psinit/ps7_init.tcl' is done.
11:34:29 INFO  : 'ps7_init' command is executed.
11:34:29 INFO  : 'ps7_post_config' command is executed.
11:34:29 INFO  : Context for processor 'ps7_cortexa9_0' is selected.
11:34:29 INFO  : The application 'C:/Users/cihem/488/CPRE-488-Labs/MP-0/MP-0-vitisCDrive/Zedboard-doublehell/Debug/Zedboard-doublehell.elf' is downloaded to processor 'ps7_cortexa9_0'.
11:34:29 INFO  : 'configparams force-mem-access 0' command is executed.
11:34:29 INFO  : ----------------XSDB Script----------------
connect -url tcp:127.0.0.1:3121
targets -set -nocase -filter {name =~"APU*"}
rst -system
after 3000
targets -set -filter {jtag_cable_name =~ "Digilent Zed 210248B9DA75" && level==0 && jtag_device_ctx=="jsn-Zed-210248B9DA75-23727093-0"}
fpga -file C:/Users/cihem/488/CPRE-488-Labs/MP-0/MP-0-vitisCDrive/Zedboard-doublehell/_ide/bitstream/design_1_wrapper.bit
targets -set -nocase -filter {name =~"APU*"}
loadhw -hw C:/Users/cihem/488/CPRE-488-Labs/MP-0/MP-0-vitisCDrive/design_1_wrapper/export/design_1_wrapper/hw/design_1_wrapper.xsa -mem-ranges [list {0x40000000 0xbfffffff}] -regs
configparams force-mem-access 1
targets -set -nocase -filter {name =~"APU*"}
source C:/Users/cihem/488/CPRE-488-Labs/MP-0/MP-0-vitisCDrive/Zedboard-doublehell/_ide/psinit/ps7_init.tcl
ps7_init
ps7_post_config
targets -set -nocase -filter {name =~ "*A9*#0"}
dow C:/Users/cihem/488/CPRE-488-Labs/MP-0/MP-0-vitisCDrive/Zedboard-doublehell/Debug/Zedboard-doublehell.elf
configparams force-mem-access 0
----------------End of Script----------------

11:34:29 INFO  : Context for processor 'ps7_cortexa9_0' is selected.
11:34:29 INFO  : 'con' command is executed.
11:34:29 INFO  : ----------------XSDB Script (After Launch)----------------
targets -set -nocase -filter {name =~ "*A9*#0"}
con
----------------End of Script----------------

11:34:29 INFO  : Launch script is exported to file 'C:\Users\cihem\488\CPRE-488-Labs\MP-0\MP-0-vitisCDrive\.sdk\launch_scripts\single_application_debug\debugger_zedboard-doublehell-default.tcl'
11:37:28 INFO  : Checking for BSP changes to sync application flags for project 'Zedboard-doublehell'...
11:37:42 INFO  : Disconnected from the channel tcfchan#5.
11:37:45 INFO  : Connected to target on host '127.0.0.1' and port '3121'.
11:37:46 INFO  : Jtag cable 'Digilent Zed 210248B9DA75' is selected.
11:37:46 INFO  : 'jtag frequency' command is executed.
11:37:46 INFO  : Context for 'APU' is selected.
11:37:46 INFO  : System reset is completed.
11:37:49 INFO  : 'after 3000' command is executed.
11:37:49 INFO  : 'targets -set -filter {jtag_cable_name =~ "Digilent Zed 210248B9DA75" && level==0 && jtag_device_ctx=="jsn-Zed-210248B9DA75-23727093-0"}' command is executed.
11:37:51 INFO  : FPGA configured successfully with bitstream "C:/Users/cihem/488/CPRE-488-Labs/MP-0/MP-0-vitisCDrive/Zedboard-doublehell/_ide/bitstream/design_1_wrapper.bit"
11:37:51 INFO  : Context for 'APU' is selected.
11:37:51 INFO  : Hardware design and registers information is loaded from 'C:/Users/cihem/488/CPRE-488-Labs/MP-0/MP-0-vitisCDrive/design_1_wrapper/export/design_1_wrapper/hw/design_1_wrapper.xsa'.
11:37:51 INFO  : 'configparams force-mem-access 1' command is executed.
11:37:51 INFO  : Context for 'APU' is selected.
11:37:51 INFO  : Sourcing of 'C:/Users/cihem/488/CPRE-488-Labs/MP-0/MP-0-vitisCDrive/Zedboard-doublehell/_ide/psinit/ps7_init.tcl' is done.
11:37:51 INFO  : 'ps7_init' command is executed.
11:37:51 INFO  : 'ps7_post_config' command is executed.
11:37:51 INFO  : Context for processor 'ps7_cortexa9_0' is selected.
11:37:51 INFO  : The application 'C:/Users/cihem/488/CPRE-488-Labs/MP-0/MP-0-vitisCDrive/Zedboard-doublehell/Debug/Zedboard-doublehell.elf' is downloaded to processor 'ps7_cortexa9_0'.
11:37:51 INFO  : 'configparams force-mem-access 0' command is executed.
11:37:51 INFO  : ----------------XSDB Script----------------
connect -url tcp:127.0.0.1:3121
targets -set -nocase -filter {name =~"APU*"}
rst -system
after 3000
targets -set -filter {jtag_cable_name =~ "Digilent Zed 210248B9DA75" && level==0 && jtag_device_ctx=="jsn-Zed-210248B9DA75-23727093-0"}
fpga -file C:/Users/cihem/488/CPRE-488-Labs/MP-0/MP-0-vitisCDrive/Zedboard-doublehell/_ide/bitstream/design_1_wrapper.bit
targets -set -nocase -filter {name =~"APU*"}
loadhw -hw C:/Users/cihem/488/CPRE-488-Labs/MP-0/MP-0-vitisCDrive/design_1_wrapper/export/design_1_wrapper/hw/design_1_wrapper.xsa -mem-ranges [list {0x40000000 0xbfffffff}] -regs
configparams force-mem-access 1
targets -set -nocase -filter {name =~"APU*"}
source C:/Users/cihem/488/CPRE-488-Labs/MP-0/MP-0-vitisCDrive/Zedboard-doublehell/_ide/psinit/ps7_init.tcl
ps7_init
ps7_post_config
targets -set -nocase -filter {name =~ "*A9*#0"}
dow C:/Users/cihem/488/CPRE-488-Labs/MP-0/MP-0-vitisCDrive/Zedboard-doublehell/Debug/Zedboard-doublehell.elf
configparams force-mem-access 0
----------------End of Script----------------

11:37:52 INFO  : Context for processor 'ps7_cortexa9_0' is selected.
11:37:52 INFO  : 'con' command is executed.
11:37:52 INFO  : ----------------XSDB Script (After Launch)----------------
targets -set -nocase -filter {name =~ "*A9*#0"}
con
----------------End of Script----------------

11:37:52 INFO  : Launch script is exported to file 'C:\Users\cihem\488\CPRE-488-Labs\MP-0\MP-0-vitisCDrive\.sdk\launch_scripts\single_application_debug\debugger_zedboard-doublehell-default.tcl'
11:39:24 INFO  : Checking for BSP changes to sync application flags for project 'Zedboard-doublehell'...
11:43:51 INFO  : Checking for BSP changes to sync application flags for project 'Zedboard-doublehell'...
11:43:56 INFO  : Disconnected from the channel tcfchan#7.
11:44:02 INFO  : Connected to target on host '127.0.0.1' and port '3121'.
11:44:03 INFO  : Jtag cable 'Digilent Zed 210248B9DA75' is selected.
11:44:03 INFO  : 'jtag frequency' command is executed.
11:44:03 INFO  : Context for 'APU' is selected.
11:44:03 INFO  : System reset is completed.
11:44:06 INFO  : 'after 3000' command is executed.
11:44:06 INFO  : 'targets -set -filter {jtag_cable_name =~ "Digilent Zed 210248B9DA75" && level==0 && jtag_device_ctx=="jsn-Zed-210248B9DA75-23727093-0"}' command is executed.
11:44:08 INFO  : FPGA configured successfully with bitstream "C:/Users/cihem/488/CPRE-488-Labs/MP-0/MP-0-vitisCDrive/Zedboard-doublehell/_ide/bitstream/design_1_wrapper.bit"
11:44:08 INFO  : Context for 'APU' is selected.
11:44:08 INFO  : Hardware design and registers information is loaded from 'C:/Users/cihem/488/CPRE-488-Labs/MP-0/MP-0-vitisCDrive/design_1_wrapper/export/design_1_wrapper/hw/design_1_wrapper.xsa'.
11:44:08 INFO  : 'configparams force-mem-access 1' command is executed.
11:44:08 INFO  : Context for 'APU' is selected.
11:44:08 INFO  : Sourcing of 'C:/Users/cihem/488/CPRE-488-Labs/MP-0/MP-0-vitisCDrive/Zedboard-doublehell/_ide/psinit/ps7_init.tcl' is done.
11:44:08 INFO  : 'ps7_init' command is executed.
11:44:08 INFO  : 'ps7_post_config' command is executed.
11:44:08 INFO  : Context for processor 'ps7_cortexa9_0' is selected.
11:44:08 INFO  : The application 'C:/Users/cihem/488/CPRE-488-Labs/MP-0/MP-0-vitisCDrive/Zedboard-doublehell/Debug/Zedboard-doublehell.elf' is downloaded to processor 'ps7_cortexa9_0'.
11:44:08 INFO  : 'configparams force-mem-access 0' command is executed.
11:44:08 INFO  : ----------------XSDB Script----------------
connect -url tcp:127.0.0.1:3121
targets -set -nocase -filter {name =~"APU*"}
rst -system
after 3000
targets -set -filter {jtag_cable_name =~ "Digilent Zed 210248B9DA75" && level==0 && jtag_device_ctx=="jsn-Zed-210248B9DA75-23727093-0"}
fpga -file C:/Users/cihem/488/CPRE-488-Labs/MP-0/MP-0-vitisCDrive/Zedboard-doublehell/_ide/bitstream/design_1_wrapper.bit
targets -set -nocase -filter {name =~"APU*"}
loadhw -hw C:/Users/cihem/488/CPRE-488-Labs/MP-0/MP-0-vitisCDrive/design_1_wrapper/export/design_1_wrapper/hw/design_1_wrapper.xsa -mem-ranges [list {0x40000000 0xbfffffff}] -regs
configparams force-mem-access 1
targets -set -nocase -filter {name =~"APU*"}
source C:/Users/cihem/488/CPRE-488-Labs/MP-0/MP-0-vitisCDrive/Zedboard-doublehell/_ide/psinit/ps7_init.tcl
ps7_init
ps7_post_config
targets -set -nocase -filter {name =~ "*A9*#0"}
dow C:/Users/cihem/488/CPRE-488-Labs/MP-0/MP-0-vitisCDrive/Zedboard-doublehell/Debug/Zedboard-doublehell.elf
configparams force-mem-access 0
----------------End of Script----------------

11:44:09 INFO  : Context for processor 'ps7_cortexa9_0' is selected.
11:44:09 INFO  : 'con' command is executed.
11:44:09 INFO  : ----------------XSDB Script (After Launch)----------------
targets -set -nocase -filter {name =~ "*A9*#0"}
con
----------------End of Script----------------

11:44:09 INFO  : Launch script is exported to file 'C:\Users\cihem\488\CPRE-488-Labs\MP-0\MP-0-vitisCDrive\.sdk\launch_scripts\single_application_debug\debugger_zedboard-doublehell-default.tcl'
11:46:13 INFO  : Checking for BSP changes to sync application flags for project 'Zedboard-doublehell'...
11:46:52 INFO  : Checking for BSP changes to sync application flags for project 'Zedboard-doublehell'...
11:46:58 INFO  : Disconnected from the channel tcfchan#10.
11:46:59 INFO  : Connected to target on host '127.0.0.1' and port '3121'.
11:46:59 INFO  : Jtag cable 'Digilent Zed 210248B9DA75' is selected.
11:46:59 INFO  : 'jtag frequency' command is executed.
11:46:59 INFO  : Context for 'APU' is selected.
11:46:59 INFO  : System reset is completed.
11:47:02 INFO  : 'after 3000' command is executed.
11:47:02 INFO  : 'targets -set -filter {jtag_cable_name =~ "Digilent Zed 210248B9DA75" && level==0 && jtag_device_ctx=="jsn-Zed-210248B9DA75-23727093-0"}' command is executed.
11:47:04 INFO  : FPGA configured successfully with bitstream "C:/Users/cihem/488/CPRE-488-Labs/MP-0/MP-0-vitisCDrive/Zedboard-doublehell/_ide/bitstream/design_1_wrapper.bit"
11:47:04 INFO  : Context for 'APU' is selected.
11:47:04 INFO  : Hardware design and registers information is loaded from 'C:/Users/cihem/488/CPRE-488-Labs/MP-0/MP-0-vitisCDrive/design_1_wrapper/export/design_1_wrapper/hw/design_1_wrapper.xsa'.
11:47:04 INFO  : 'configparams force-mem-access 1' command is executed.
11:47:04 INFO  : Context for 'APU' is selected.
11:47:04 INFO  : Sourcing of 'C:/Users/cihem/488/CPRE-488-Labs/MP-0/MP-0-vitisCDrive/Zedboard-doublehell/_ide/psinit/ps7_init.tcl' is done.
11:47:04 INFO  : 'ps7_init' command is executed.
11:47:04 INFO  : 'ps7_post_config' command is executed.
11:47:04 INFO  : Context for processor 'ps7_cortexa9_0' is selected.
11:47:05 INFO  : The application 'C:/Users/cihem/488/CPRE-488-Labs/MP-0/MP-0-vitisCDrive/Zedboard-doublehell/Debug/Zedboard-doublehell.elf' is downloaded to processor 'ps7_cortexa9_0'.
11:47:05 INFO  : 'configparams force-mem-access 0' command is executed.
11:47:05 INFO  : ----------------XSDB Script----------------
connect -url tcp:127.0.0.1:3121
targets -set -nocase -filter {name =~"APU*"}
rst -system
after 3000
targets -set -filter {jtag_cable_name =~ "Digilent Zed 210248B9DA75" && level==0 && jtag_device_ctx=="jsn-Zed-210248B9DA75-23727093-0"}
fpga -file C:/Users/cihem/488/CPRE-488-Labs/MP-0/MP-0-vitisCDrive/Zedboard-doublehell/_ide/bitstream/design_1_wrapper.bit
targets -set -nocase -filter {name =~"APU*"}
loadhw -hw C:/Users/cihem/488/CPRE-488-Labs/MP-0/MP-0-vitisCDrive/design_1_wrapper/export/design_1_wrapper/hw/design_1_wrapper.xsa -mem-ranges [list {0x40000000 0xbfffffff}] -regs
configparams force-mem-access 1
targets -set -nocase -filter {name =~"APU*"}
source C:/Users/cihem/488/CPRE-488-Labs/MP-0/MP-0-vitisCDrive/Zedboard-doublehell/_ide/psinit/ps7_init.tcl
ps7_init
ps7_post_config
targets -set -nocase -filter {name =~ "*A9*#0"}
dow C:/Users/cihem/488/CPRE-488-Labs/MP-0/MP-0-vitisCDrive/Zedboard-doublehell/Debug/Zedboard-doublehell.elf
configparams force-mem-access 0
----------------End of Script----------------

11:47:05 INFO  : Context for processor 'ps7_cortexa9_0' is selected.
11:47:05 INFO  : 'con' command is executed.
11:47:05 INFO  : ----------------XSDB Script (After Launch)----------------
targets -set -nocase -filter {name =~ "*A9*#0"}
con
----------------End of Script----------------

11:47:05 INFO  : Launch script is exported to file 'C:\Users\cihem\488\CPRE-488-Labs\MP-0\MP-0-vitisCDrive\.sdk\launch_scripts\single_application_debug\debugger_zedboard-doublehell-default.tcl'
11:47:54 INFO  : Checking for BSP changes to sync application flags for project 'Zedboard-doublehell'...
11:47:55 INFO  : Disconnected from the channel tcfchan#13.
11:47:59 INFO  : Connected to target on host '127.0.0.1' and port '3121'.
11:47:59 INFO  : Jtag cable 'Digilent Zed 210248B9DA75' is selected.
11:47:59 INFO  : 'jtag frequency' command is executed.
11:47:59 INFO  : Context for 'APU' is selected.
11:47:59 INFO  : System reset is completed.
11:48:02 INFO  : 'after 3000' command is executed.
11:48:02 INFO  : 'targets -set -filter {jtag_cable_name =~ "Digilent Zed 210248B9DA75" && level==0 && jtag_device_ctx=="jsn-Zed-210248B9DA75-23727093-0"}' command is executed.
11:48:04 INFO  : FPGA configured successfully with bitstream "C:/Users/cihem/488/CPRE-488-Labs/MP-0/MP-0-vitisCDrive/Zedboard-doublehell/_ide/bitstream/design_1_wrapper.bit"
11:48:04 INFO  : Context for 'APU' is selected.
11:48:04 INFO  : Hardware design and registers information is loaded from 'C:/Users/cihem/488/CPRE-488-Labs/MP-0/MP-0-vitisCDrive/design_1_wrapper/export/design_1_wrapper/hw/design_1_wrapper.xsa'.
11:48:04 INFO  : 'configparams force-mem-access 1' command is executed.
11:48:04 INFO  : Context for 'APU' is selected.
11:48:04 INFO  : Sourcing of 'C:/Users/cihem/488/CPRE-488-Labs/MP-0/MP-0-vitisCDrive/Zedboard-doublehell/_ide/psinit/ps7_init.tcl' is done.
11:48:05 INFO  : 'ps7_init' command is executed.
11:48:05 INFO  : 'ps7_post_config' command is executed.
11:48:05 INFO  : Context for processor 'ps7_cortexa9_0' is selected.
11:48:05 INFO  : The application 'C:/Users/cihem/488/CPRE-488-Labs/MP-0/MP-0-vitisCDrive/Zedboard-doublehell/Debug/Zedboard-doublehell.elf' is downloaded to processor 'ps7_cortexa9_0'.
11:48:05 INFO  : 'configparams force-mem-access 0' command is executed.
11:48:05 INFO  : ----------------XSDB Script----------------
connect -url tcp:127.0.0.1:3121
targets -set -nocase -filter {name =~"APU*"}
rst -system
after 3000
targets -set -filter {jtag_cable_name =~ "Digilent Zed 210248B9DA75" && level==0 && jtag_device_ctx=="jsn-Zed-210248B9DA75-23727093-0"}
fpga -file C:/Users/cihem/488/CPRE-488-Labs/MP-0/MP-0-vitisCDrive/Zedboard-doublehell/_ide/bitstream/design_1_wrapper.bit
targets -set -nocase -filter {name =~"APU*"}
loadhw -hw C:/Users/cihem/488/CPRE-488-Labs/MP-0/MP-0-vitisCDrive/design_1_wrapper/export/design_1_wrapper/hw/design_1_wrapper.xsa -mem-ranges [list {0x40000000 0xbfffffff}] -regs
configparams force-mem-access 1
targets -set -nocase -filter {name =~"APU*"}
source C:/Users/cihem/488/CPRE-488-Labs/MP-0/MP-0-vitisCDrive/Zedboard-doublehell/_ide/psinit/ps7_init.tcl
ps7_init
ps7_post_config
targets -set -nocase -filter {name =~ "*A9*#0"}
dow C:/Users/cihem/488/CPRE-488-Labs/MP-0/MP-0-vitisCDrive/Zedboard-doublehell/Debug/Zedboard-doublehell.elf
configparams force-mem-access 0
----------------End of Script----------------

11:48:05 INFO  : Context for processor 'ps7_cortexa9_0' is selected.
11:48:05 INFO  : 'con' command is executed.
11:48:05 INFO  : ----------------XSDB Script (After Launch)----------------
targets -set -nocase -filter {name =~ "*A9*#0"}
con
----------------End of Script----------------

11:48:05 INFO  : Launch script is exported to file 'C:\Users\cihem\488\CPRE-488-Labs\MP-0\MP-0-vitisCDrive\.sdk\launch_scripts\single_application_debug\debugger_zedboard-doublehell-default.tcl'
11:49:07 INFO  : Disconnected from the channel tcfchan#15.
11:49:08 INFO  : Checking for BSP changes to sync application flags for project 'Zedboard-doublehell'...
11:49:13 INFO  : Connected to target on host '127.0.0.1' and port '3121'.
11:49:13 INFO  : Jtag cable 'Digilent Zed 210248B9DA75' is selected.
11:49:13 INFO  : 'jtag frequency' command is executed.
11:49:13 INFO  : Context for 'APU' is selected.
11:49:13 INFO  : System reset is completed.
11:49:16 INFO  : 'after 3000' command is executed.
11:49:16 INFO  : 'targets -set -filter {jtag_cable_name =~ "Digilent Zed 210248B9DA75" && level==0 && jtag_device_ctx=="jsn-Zed-210248B9DA75-23727093-0"}' command is executed.
11:49:19 INFO  : FPGA configured successfully with bitstream "C:/Users/cihem/488/CPRE-488-Labs/MP-0/MP-0-vitisCDrive/Zedboard-doublehell/_ide/bitstream/design_1_wrapper.bit"
11:49:19 INFO  : Context for 'APU' is selected.
11:49:19 INFO  : Hardware design and registers information is loaded from 'C:/Users/cihem/488/CPRE-488-Labs/MP-0/MP-0-vitisCDrive/design_1_wrapper/export/design_1_wrapper/hw/design_1_wrapper.xsa'.
11:49:19 INFO  : 'configparams force-mem-access 1' command is executed.
11:49:19 INFO  : Context for 'APU' is selected.
11:49:19 INFO  : Sourcing of 'C:/Users/cihem/488/CPRE-488-Labs/MP-0/MP-0-vitisCDrive/Zedboard-doublehell/_ide/psinit/ps7_init.tcl' is done.
11:49:19 INFO  : 'ps7_init' command is executed.
11:49:19 INFO  : 'ps7_post_config' command is executed.
11:49:19 INFO  : Context for processor 'ps7_cortexa9_0' is selected.
11:49:19 INFO  : The application 'C:/Users/cihem/488/CPRE-488-Labs/MP-0/MP-0-vitisCDrive/Zedboard-doublehell/Debug/Zedboard-doublehell.elf' is downloaded to processor 'ps7_cortexa9_0'.
11:49:19 INFO  : 'configparams force-mem-access 0' command is executed.
11:49:19 INFO  : ----------------XSDB Script----------------
connect -url tcp:127.0.0.1:3121
targets -set -nocase -filter {name =~"APU*"}
rst -system
after 3000
targets -set -filter {jtag_cable_name =~ "Digilent Zed 210248B9DA75" && level==0 && jtag_device_ctx=="jsn-Zed-210248B9DA75-23727093-0"}
fpga -file C:/Users/cihem/488/CPRE-488-Labs/MP-0/MP-0-vitisCDrive/Zedboard-doublehell/_ide/bitstream/design_1_wrapper.bit
targets -set -nocase -filter {name =~"APU*"}
loadhw -hw C:/Users/cihem/488/CPRE-488-Labs/MP-0/MP-0-vitisCDrive/design_1_wrapper/export/design_1_wrapper/hw/design_1_wrapper.xsa -mem-ranges [list {0x40000000 0xbfffffff}] -regs
configparams force-mem-access 1
targets -set -nocase -filter {name =~"APU*"}
source C:/Users/cihem/488/CPRE-488-Labs/MP-0/MP-0-vitisCDrive/Zedboard-doublehell/_ide/psinit/ps7_init.tcl
ps7_init
ps7_post_config
targets -set -nocase -filter {name =~ "*A9*#0"}
dow C:/Users/cihem/488/CPRE-488-Labs/MP-0/MP-0-vitisCDrive/Zedboard-doublehell/Debug/Zedboard-doublehell.elf
configparams force-mem-access 0
----------------End of Script----------------

11:49:19 INFO  : Context for processor 'ps7_cortexa9_0' is selected.
11:49:19 INFO  : 'con' command is executed.
11:49:19 INFO  : ----------------XSDB Script (After Launch)----------------
targets -set -nocase -filter {name =~ "*A9*#0"}
con
----------------End of Script----------------

11:49:19 INFO  : Launch script is exported to file 'C:\Users\cihem\488\CPRE-488-Labs\MP-0\MP-0-vitisCDrive\.sdk\launch_scripts\single_application_debug\debugger_zedboard-doublehell-default.tcl'
11:50:49 INFO  : Checking for BSP changes to sync application flags for project 'Zedboard-doublehell'...
11:50:51 INFO  : Disconnected from the channel tcfchan#17.
11:51:07 INFO  : Connected to target on host '127.0.0.1' and port '3121'.
11:51:07 INFO  : Jtag cable 'Digilent Zed 210248B9DA75' is selected.
11:51:07 INFO  : 'jtag frequency' command is executed.
11:51:07 INFO  : Context for 'APU' is selected.
11:51:07 INFO  : System reset is completed.
11:51:10 INFO  : 'after 3000' command is executed.
11:51:10 INFO  : 'targets -set -filter {jtag_cable_name =~ "Digilent Zed 210248B9DA75" && level==0 && jtag_device_ctx=="jsn-Zed-210248B9DA75-23727093-0"}' command is executed.
11:51:12 INFO  : FPGA configured successfully with bitstream "C:/Users/cihem/488/CPRE-488-Labs/MP-0/MP-0-vitisCDrive/Zedboard-doublehell/_ide/bitstream/design_1_wrapper.bit"
11:51:12 INFO  : Context for 'APU' is selected.
11:51:12 INFO  : Hardware design and registers information is loaded from 'C:/Users/cihem/488/CPRE-488-Labs/MP-0/MP-0-vitisCDrive/design_1_wrapper/export/design_1_wrapper/hw/design_1_wrapper.xsa'.
11:51:12 INFO  : 'configparams force-mem-access 1' command is executed.
11:51:12 INFO  : Context for 'APU' is selected.
11:51:12 INFO  : Sourcing of 'C:/Users/cihem/488/CPRE-488-Labs/MP-0/MP-0-vitisCDrive/Zedboard-doublehell/_ide/psinit/ps7_init.tcl' is done.
11:51:13 INFO  : 'ps7_init' command is executed.
11:51:13 INFO  : 'ps7_post_config' command is executed.
11:51:13 INFO  : Context for processor 'ps7_cortexa9_0' is selected.
11:51:13 INFO  : The application 'C:/Users/cihem/488/CPRE-488-Labs/MP-0/MP-0-vitisCDrive/Zedboard-doublehell/Debug/Zedboard-doublehell.elf' is downloaded to processor 'ps7_cortexa9_0'.
11:51:13 INFO  : 'configparams force-mem-access 0' command is executed.
11:51:13 INFO  : ----------------XSDB Script----------------
connect -url tcp:127.0.0.1:3121
targets -set -nocase -filter {name =~"APU*"}
rst -system
after 3000
targets -set -filter {jtag_cable_name =~ "Digilent Zed 210248B9DA75" && level==0 && jtag_device_ctx=="jsn-Zed-210248B9DA75-23727093-0"}
fpga -file C:/Users/cihem/488/CPRE-488-Labs/MP-0/MP-0-vitisCDrive/Zedboard-doublehell/_ide/bitstream/design_1_wrapper.bit
targets -set -nocase -filter {name =~"APU*"}
loadhw -hw C:/Users/cihem/488/CPRE-488-Labs/MP-0/MP-0-vitisCDrive/design_1_wrapper/export/design_1_wrapper/hw/design_1_wrapper.xsa -mem-ranges [list {0x40000000 0xbfffffff}] -regs
configparams force-mem-access 1
targets -set -nocase -filter {name =~"APU*"}
source C:/Users/cihem/488/CPRE-488-Labs/MP-0/MP-0-vitisCDrive/Zedboard-doublehell/_ide/psinit/ps7_init.tcl
ps7_init
ps7_post_config
targets -set -nocase -filter {name =~ "*A9*#0"}
dow C:/Users/cihem/488/CPRE-488-Labs/MP-0/MP-0-vitisCDrive/Zedboard-doublehell/Debug/Zedboard-doublehell.elf
configparams force-mem-access 0
----------------End of Script----------------

11:51:13 INFO  : Context for processor 'ps7_cortexa9_0' is selected.
11:51:13 INFO  : 'con' command is executed.
11:51:13 INFO  : ----------------XSDB Script (After Launch)----------------
targets -set -nocase -filter {name =~ "*A9*#0"}
con
----------------End of Script----------------

11:51:13 INFO  : Launch script is exported to file 'C:\Users\cihem\488\CPRE-488-Labs\MP-0\MP-0-vitisCDrive\.sdk\launch_scripts\single_application_debug\debugger_zedboard-doublehell-default.tcl'
11:52:44 INFO  : Disconnected from the channel tcfchan#19.
12:05:19 INFO  : Connected to target on host '127.0.0.1' and port '3121'.
12:05:19 INFO  : Jtag cable 'Digilent Zed 210248B9DA75' is selected.
12:05:19 INFO  : 'jtag frequency' command is executed.
12:05:19 INFO  : Context for 'APU' is selected.
12:05:19 INFO  : System reset is completed.
12:05:22 INFO  : 'after 3000' command is executed.
12:05:22 INFO  : 'targets -set -filter {jtag_cable_name =~ "Digilent Zed 210248B9DA75" && level==0 && jtag_device_ctx=="jsn-Zed-210248B9DA75-23727093-0"}' command is executed.
12:05:24 INFO  : FPGA configured successfully with bitstream "C:/Users/cihem/488/CPRE-488-Labs/MP-0/MP-0-vitisCDrive/Zedboard-doublehell/_ide/bitstream/design_1_wrapper.bit"
12:05:24 INFO  : Context for 'APU' is selected.
12:05:24 INFO  : Hardware design and registers information is loaded from 'C:/Users/cihem/488/CPRE-488-Labs/MP-0/MP-0-vitisCDrive/design_1_wrapper/export/design_1_wrapper/hw/design_1_wrapper.xsa'.
12:05:24 INFO  : 'configparams force-mem-access 1' command is executed.
12:05:24 INFO  : Context for 'APU' is selected.
12:05:24 INFO  : Sourcing of 'C:/Users/cihem/488/CPRE-488-Labs/MP-0/MP-0-vitisCDrive/Zedboard-doublehell/_ide/psinit/ps7_init.tcl' is done.
12:05:24 INFO  : 'ps7_init' command is executed.
12:05:24 INFO  : 'ps7_post_config' command is executed.
12:05:24 INFO  : Context for processor 'ps7_cortexa9_0' is selected.
12:05:25 INFO  : The application 'C:/Users/cihem/488/CPRE-488-Labs/MP-0/MP-0-vitisCDrive/Zedboard-doublehell/Debug/Zedboard-doublehell.elf' is downloaded to processor 'ps7_cortexa9_0'.
12:05:25 INFO  : 'configparams force-mem-access 0' command is executed.
12:05:25 INFO  : ----------------XSDB Script----------------
connect -url tcp:127.0.0.1:3121
targets -set -nocase -filter {name =~"APU*"}
rst -system
after 3000
targets -set -filter {jtag_cable_name =~ "Digilent Zed 210248B9DA75" && level==0 && jtag_device_ctx=="jsn-Zed-210248B9DA75-23727093-0"}
fpga -file C:/Users/cihem/488/CPRE-488-Labs/MP-0/MP-0-vitisCDrive/Zedboard-doublehell/_ide/bitstream/design_1_wrapper.bit
targets -set -nocase -filter {name =~"APU*"}
loadhw -hw C:/Users/cihem/488/CPRE-488-Labs/MP-0/MP-0-vitisCDrive/design_1_wrapper/export/design_1_wrapper/hw/design_1_wrapper.xsa -mem-ranges [list {0x40000000 0xbfffffff}] -regs
configparams force-mem-access 1
targets -set -nocase -filter {name =~"APU*"}
source C:/Users/cihem/488/CPRE-488-Labs/MP-0/MP-0-vitisCDrive/Zedboard-doublehell/_ide/psinit/ps7_init.tcl
ps7_init
ps7_post_config
targets -set -nocase -filter {name =~ "*A9*#0"}
dow C:/Users/cihem/488/CPRE-488-Labs/MP-0/MP-0-vitisCDrive/Zedboard-doublehell/Debug/Zedboard-doublehell.elf
configparams force-mem-access 0
----------------End of Script----------------

12:05:25 INFO  : Context for processor 'ps7_cortexa9_0' is selected.
12:05:25 INFO  : 'con' command is executed.
12:05:25 INFO  : ----------------XSDB Script (After Launch)----------------
targets -set -nocase -filter {name =~ "*A9*#0"}
con
----------------End of Script----------------

12:05:25 INFO  : Launch script is exported to file 'C:\Users\cihem\488\CPRE-488-Labs\MP-0\MP-0-vitisCDrive\.sdk\launch_scripts\single_application_debug\debugger_zedboard-doublehell-default.tcl'
12:14:01 INFO  : Disconnected from the channel tcfchan#20.
12:14:07 INFO  : Checking for BSP changes to sync application flags for project 'Zedboard-doublehell'...
12:14:11 INFO  : Checking for BSP changes to sync application flags for project 'Zedboard-doublehell'...
12:14:16 INFO  : Connected to target on host '127.0.0.1' and port '3121'.
12:14:16 INFO  : Jtag cable 'Digilent Zed 210248B9DA75' is selected.
12:14:16 INFO  : 'jtag frequency' command is executed.
12:14:16 INFO  : Context for 'APU' is selected.
12:14:16 INFO  : System reset is completed.
12:14:19 INFO  : 'after 3000' command is executed.
12:14:19 INFO  : 'targets -set -filter {jtag_cable_name =~ "Digilent Zed 210248B9DA75" && level==0 && jtag_device_ctx=="jsn-Zed-210248B9DA75-23727093-0"}' command is executed.
12:14:22 INFO  : FPGA configured successfully with bitstream "C:/Users/cihem/488/CPRE-488-Labs/MP-0/MP-0-vitisCDrive/Zedboard-doublehell/_ide/bitstream/design_1_wrapper.bit"
12:14:22 INFO  : Context for 'APU' is selected.
12:14:22 INFO  : Hardware design and registers information is loaded from 'C:/Users/cihem/488/CPRE-488-Labs/MP-0/MP-0-vitisCDrive/design_1_wrapper/export/design_1_wrapper/hw/design_1_wrapper.xsa'.
12:14:22 INFO  : 'configparams force-mem-access 1' command is executed.
12:14:22 INFO  : Context for 'APU' is selected.
12:14:22 INFO  : Sourcing of 'C:/Users/cihem/488/CPRE-488-Labs/MP-0/MP-0-vitisCDrive/Zedboard-doublehell/_ide/psinit/ps7_init.tcl' is done.
12:14:22 INFO  : 'ps7_init' command is executed.
12:14:22 INFO  : 'ps7_post_config' command is executed.
12:14:22 INFO  : Context for processor 'ps7_cortexa9_0' is selected.
12:14:22 INFO  : The application 'C:/Users/cihem/488/CPRE-488-Labs/MP-0/MP-0-vitisCDrive/Zedboard-doublehell/Debug/Zedboard-doublehell.elf' is downloaded to processor 'ps7_cortexa9_0'.
12:14:22 INFO  : 'configparams force-mem-access 0' command is executed.
12:14:22 INFO  : ----------------XSDB Script----------------
connect -url tcp:127.0.0.1:3121
targets -set -nocase -filter {name =~"APU*"}
rst -system
after 3000
targets -set -filter {jtag_cable_name =~ "Digilent Zed 210248B9DA75" && level==0 && jtag_device_ctx=="jsn-Zed-210248B9DA75-23727093-0"}
fpga -file C:/Users/cihem/488/CPRE-488-Labs/MP-0/MP-0-vitisCDrive/Zedboard-doublehell/_ide/bitstream/design_1_wrapper.bit
targets -set -nocase -filter {name =~"APU*"}
loadhw -hw C:/Users/cihem/488/CPRE-488-Labs/MP-0/MP-0-vitisCDrive/design_1_wrapper/export/design_1_wrapper/hw/design_1_wrapper.xsa -mem-ranges [list {0x40000000 0xbfffffff}] -regs
configparams force-mem-access 1
targets -set -nocase -filter {name =~"APU*"}
source C:/Users/cihem/488/CPRE-488-Labs/MP-0/MP-0-vitisCDrive/Zedboard-doublehell/_ide/psinit/ps7_init.tcl
ps7_init
ps7_post_config
targets -set -nocase -filter {name =~ "*A9*#0"}
dow C:/Users/cihem/488/CPRE-488-Labs/MP-0/MP-0-vitisCDrive/Zedboard-doublehell/Debug/Zedboard-doublehell.elf
configparams force-mem-access 0
----------------End of Script----------------

12:14:22 INFO  : Context for processor 'ps7_cortexa9_0' is selected.
12:14:22 INFO  : 'con' command is executed.
12:14:22 INFO  : ----------------XSDB Script (After Launch)----------------
targets -set -nocase -filter {name =~ "*A9*#0"}
con
----------------End of Script----------------

12:14:22 INFO  : Launch script is exported to file 'C:\Users\cihem\488\CPRE-488-Labs\MP-0\MP-0-vitisCDrive\.sdk\launch_scripts\single_application_debug\debugger_zedboard-doublehell-default.tcl'
12:22:13 INFO  : Disconnected from the channel tcfchan#22.
