INFO: [VRFC 10-163] Analyzing VHDL file "C:/Users/cihem/CPRE-488-Labs/MP-0/MP-0CDrive/MP-0.ip_user_files/bd/design_1/ip/design_1_axi_gpio_0_0/sim/design_1_axi_gpio_0_0.vhd" into library xil_defaultlib
INFO: [VRFC 10-3107] analyzing entity 'design_1_axi_gpio_0_0'
INFO: [VRFC 10-163] Analyzing VHDL file "C:/Users/cihem/CPRE-488-Labs/MP-0/MP-0CDrive/MP-0.ip_user_files/bd/design_1/ip/design_1_axi_gpio_0_1/sim/design_1_axi_gpio_0_1.vhd" into library xil_defaultlib
INFO: [VRFC 10-3107] analyzing entity 'design_1_axi_gpio_0_1'
INFO: [VRFC 10-163] Analyzing VHDL file "C:/Users/cihem/CPRE-488-Labs/MP-0/MP-0CDrive/MP-0.ip_user_files/bd/design_1/ip/design_1_axi_gpio_0_2/sim/design_1_axi_gpio_0_2.vhd" into library xil_defaultlib
INFO: [VRFC 10-3107] analyzing entity 'design_1_axi_gpio_0_2'
INFO: [VRFC 10-163] Analyzing VHDL file "C:/Users/cihem/CPRE-488-Labs/MP-0/MP-0CDrive/MP-0.ip_user_files/bd/design_1/ip/design_1_rst_ps7_0_100M_0/sim/design_1_rst_ps7_0_100M_0.vhd" into library xil_defaultlib
INFO: [VRFC 10-3107] analyzing entity 'design_1_rst_ps7_0_100M_0'
INFO: [VRFC 10-163] Analyzing VHDL file "C:/Users/cihem/CPRE-488-Labs/MP-0/MP-0CDrive/MP-0.ip_user_files/bd/design_1/ip/design_1_system_ila_0_0/bd_0/sim/bd_f60c.vhd" into library xil_defaultlib
INFO: [VRFC 10-3107] analyzing entity 'bd_f60c'
INFO: [VRFC 10-163] Analyzing VHDL file "C:/Users/cihem/CPRE-488-Labs/MP-0/MP-0CDrive/MP-0.ip_user_files/bd/design_1/ip/design_1_system_ila_0_0/bd_0/ip/ip_0/sim/bd_f60c_ila_lib_0.vhd" into library xil_defaultlib
INFO: [VRFC 10-3107] analyzing entity 'bd_f60c_ila_lib_0'
INFO: [VRFC 10-163] Analyzing VHDL file "C:/Users/cihem/CPRE-488-Labs/MP-0/MP-0CDrive/MP-0.ip_user_files/bd/design_1/ip/design_1_system_ila_0_0/sim/design_1_system_ila_0_0.vhd" into library xil_defaultlib
INFO: [VRFC 10-3107] analyzing entity 'design_1_system_ila_0_0'
INFO: [VRFC 10-163] Analyzing VHDL file "C:/Users/cihem/CPRE-488-Labs/MP-0/MP-0CDrive/MP-0.ip_user_files/bd/design_1/sim/design_1.vhd" into library xil_defaultlib
INFO: [VRFC 10-3107] analyzing entity 'm00_couplers_imp_15SPJYW'
INFO: [VRFC 10-3107] analyzing entity 'm01_couplers_imp_XU9C55'
INFO: [VRFC 10-3107] analyzing entity 'm02_couplers_imp_14WQB4R'
INFO: [VRFC 10-3107] analyzing entity 'm03_couplers_imp_YFYJ3U'
INFO: [VRFC 10-3107] analyzing entity 'm04_couplers_imp_17KQ732'
INFO: [VRFC 10-3107] analyzing entity 'm05_couplers_imp_VQEDA7'
INFO: [VRFC 10-3107] analyzing entity 's00_couplers_imp_UYSKKA'
INFO: [VRFC 10-3107] analyzing entity 'design_1_ps7_0_axi_periph_0'
INFO: [VRFC 10-3107] analyzing entity 'design_1'
INFO: [VRFC 10-163] Analyzing VHDL file "C:/Users/cihem/CPRE-488-Labs/MP-0/MP-0CDrive/MP-0.ip_user_files/bd/design_1/ip/design_1_axi_vdma_0_0/sim/design_1_axi_vdma_0_0.vhd" into library xil_defaultlib
INFO: [VRFC 10-3107] analyzing entity 'design_1_axi_vdma_0_0'
INFO: [VRFC 10-163] Analyzing VHDL file "C:/Users/cihem/CPRE-488-Labs/MP-0/MP-0CDrive/MP-0.ip_user_files/bd/design_1/ip/design_1_v_tc_0_1/sim/design_1_v_tc_0_1.vhd" into library xil_defaultlib
INFO: [VRFC 10-3107] analyzing entity 'design_1_v_tc_0_1'
INFO: [VRFC 10-163] Analyzing VHDL file "C:/Users/cihem/CPRE-488-Labs/MP-0/MP-0CDrive/MP-0.srcs/sources_1/bd/design_1/hdl/design_1_wrapper.vhd" into library xil_defaultlib
INFO: [VRFC 10-3107] analyzing entity 'design_1_wrapper'
