INFO: [VRFC 10-2263] Analyzing Verilog file "C:/Users/cihem/CPRE-488-Labs/MP-0/MP-0CDrive/MP-0.ip_user_files/bd/design_1/ip/design_1_processing_system7_0_0/sim/design_1_processing_system7_0_0.v" into library xil_defaultlib
INFO: [VRFC 10-311] analyzing module design_1_processing_system7_0_0
INFO: [VRFC 10-2263] Analyzing Verilog file "C:/Users/cihem/CPRE-488-Labs/MP-0/MP-0CDrive/MP-0.ip_user_files/bd/design_1/ip/design_1_xbar_0/sim/design_1_xbar_0.v" into library xil_defaultlib
INFO: [VRFC 10-311] analyzing module design_1_xbar_0
INFO: [VRFC 10-2263] Analyzing Verilog file "C:/Users/cihem/CPRE-488-Labs/MP-0/MP-0CDrive/MP-0.ip_user_files/bd/design_1/ip/design_1_system_ila_0_0/bd_0/ip/ip_1/bd_f60c_g_inst_0_gigantic_mux.v" into library xil_defaultlib
INFO: [VRFC 10-311] analyzing module bd_f60c_g_inst_0_gigantic_mux
INFO: [VRFC 10-2263] Analyzing Verilog file "C:/Users/cihem/CPRE-488-Labs/MP-0/MP-0CDrive/MP-0.ip_user_files/bd/design_1/ip/design_1_system_ila_0_0/bd_0/ip/ip_1/sim/bd_f60c_g_inst_0.v" into library xil_defaultlib
INFO: [VRFC 10-311] analyzing module bd_f60c_g_inst_0
INFO: [VRFC 10-2263] Analyzing Verilog file "C:/Users/cihem/CPRE-488-Labs/MP-0/MP-0CDrive/MP-0.ip_user_files/bd/design_1/ip/design_1_system_ila_0_0/bd_0/ip/ip_2/sim/bd_f60c_slot_1_aw_0.v" into library xil_defaultlib
INFO: [VRFC 10-311] analyzing module bd_f60c_slot_1_aw_0
INFO: [VRFC 10-2263] Analyzing Verilog file "C:/Users/cihem/CPRE-488-Labs/MP-0/MP-0CDrive/MP-0.ip_user_files/bd/design_1/ip/design_1_system_ila_0_0/bd_0/ip/ip_3/sim/bd_f60c_slot_1_w_0.v" into library xil_defaultlib
INFO: [VRFC 10-311] analyzing module bd_f60c_slot_1_w_0
INFO: [VRFC 10-2263] Analyzing Verilog file "C:/Users/cihem/CPRE-488-Labs/MP-0/MP-0CDrive/MP-0.ip_user_files/bd/design_1/ip/design_1_system_ila_0_0/bd_0/ip/ip_4/sim/bd_f60c_slot_1_b_0.v" into library xil_defaultlib
INFO: [VRFC 10-311] analyzing module bd_f60c_slot_1_b_0
INFO: [VRFC 10-2263] Analyzing Verilog file "C:/Users/cihem/CPRE-488-Labs/MP-0/MP-0CDrive/MP-0.ip_user_files/bd/design_1/ip/design_1_system_ila_0_0/bd_0/ip/ip_5/sim/bd_f60c_slot_1_ar_0.v" into library xil_defaultlib
INFO: [VRFC 10-311] analyzing module bd_f60c_slot_1_ar_0
INFO: [VRFC 10-2263] Analyzing Verilog file "C:/Users/cihem/CPRE-488-Labs/MP-0/MP-0CDrive/MP-0.ip_user_files/bd/design_1/ip/design_1_system_ila_0_0/bd_0/ip/ip_6/sim/bd_f60c_slot_1_r_0.v" into library xil_defaultlib
INFO: [VRFC 10-311] analyzing module bd_f60c_slot_1_r_0
INFO: [VRFC 10-2263] Analyzing Verilog file "C:/Users/cihem/CPRE-488-Labs/MP-0/MP-0CDrive/MP-0.ip_user_files/bd/design_1/ip/design_1_v_axi4s_vid_out_0_1/sim/design_1_v_axi4s_vid_out_0_1.v" into library xil_defaultlib
INFO: [VRFC 10-311] analyzing module design_1_v_axi4s_vid_out_0_1
INFO: [VRFC 10-2263] Analyzing Verilog file "C:/Users/cihem/CPRE-488-Labs/MP-0/MP-0CDrive/MP-0.ip_user_files/bd/design_1/ip/design_1_clk_wiz_0_0/design_1_clk_wiz_0_0_clk_wiz.v" into library xil_defaultlib
INFO: [VRFC 10-311] analyzing module design_1_clk_wiz_0_0_clk_wiz
INFO: [VRFC 10-2263] Analyzing Verilog file "C:/Users/cihem/CPRE-488-Labs/MP-0/MP-0CDrive/MP-0.ip_user_files/bd/design_1/ip/design_1_clk_wiz_0_0/design_1_clk_wiz_0_0.v" into library xil_defaultlib
INFO: [VRFC 10-311] analyzing module design_1_clk_wiz_0_0
INFO: [VRFC 10-2263] Analyzing Verilog file "C:/Users/cihem/CPRE-488-Labs/MP-0/MP-0CDrive/MP-0.ip_user_files/bd/design_1/ip/design_1_xbar_1/sim/design_1_xbar_1.v" into library xil_defaultlib
INFO: [VRFC 10-311] analyzing module design_1_xbar_1
INFO: [VRFC 10-2263] Analyzing Verilog file "C:/Users/cihem/CPRE-488-Labs/MP-0/MP-0CDrive/MP-0.ip_user_files/bd/design_1/ip/design_1_xlslice_0_0/sim/design_1_xlslice_0_0.v" into library xil_defaultlib
INFO: [VRFC 10-311] analyzing module design_1_xlslice_0_0
INFO: [VRFC 10-2263] Analyzing Verilog file "C:/Users/cihem/CPRE-488-Labs/MP-0/MP-0CDrive/MP-0.ip_user_files/bd/design_1/ip/design_1_xlslice_0_1/sim/design_1_xlslice_0_1.v" into library xil_defaultlib
INFO: [VRFC 10-311] analyzing module design_1_xlslice_0_1
INFO: [VRFC 10-2263] Analyzing Verilog file "C:/Users/cihem/CPRE-488-Labs/MP-0/MP-0CDrive/MP-0.ip_user_files/bd/design_1/ip/design_1_xlslice_1_0/sim/design_1_xlslice_1_0.v" into library xil_defaultlib
INFO: [VRFC 10-311] analyzing module design_1_xlslice_1_0
INFO: [VRFC 10-2263] Analyzing Verilog file "C:/Users/cihem/CPRE-488-Labs/MP-0/MP-0CDrive/MP-0.ip_user_files/bd/design_1/ip/design_1_auto_pc_0/sim/design_1_auto_pc_0.v" into library xil_defaultlib
INFO: [VRFC 10-311] analyzing module design_1_auto_pc_0
INFO: [VRFC 10-2263] Analyzing Verilog file "C:/Users/cihem/CPRE-488-Labs/MP-0/MP-0CDrive/MP-0.ip_user_files/bd/design_1/ip/design_1_auto_pc_1/sim/design_1_auto_pc_1.v" into library xil_defaultlib
INFO: [VRFC 10-311] analyzing module design_1_auto_pc_1
INFO: [VRFC 10-2263] Analyzing Verilog file "C:/Users/cihem/CPRE-488-Labs/MP-0/MP-0CDrive/MP-0.sim/sim_1/behav/xsim/glbl.v" into library xil_defaultlib
INFO: [VRFC 10-311] analyzing module glbl
