19:07:22 INFO  : Launching XSCT server: xsct.bat -n  -interactive C:\Users\cihem\488\CPRE-488-Labs\MP-0\MP-0-vitis_VGA\temp_xsdb_launch_script.tcl
19:07:22 INFO  : Registering command handlers for Vitis TCF services
19:07:23 INFO  : XSCT server has started successfully.
19:07:23 INFO  : Platform repository initialization has completed.
19:07:23 INFO  : Successfully done setting XSCT server connection channel  
19:07:23 INFO  : Successfully done query RDI_DATADIR 
19:07:23 INFO  : Successfully done setting workspace for the tool. 
19:07:23 INFO  : plnx-install-location is set to ''
19:08:55 INFO  : Result from executing command 'getProjects': VGA_design_1_wrapper
19:08:55 INFO  : Result from executing command 'getPlatforms': 
19:08:55 INFO  : Platform 'VGA_design_1_wrapper' is added to custom repositories.
19:09:02 INFO  : Platform 'VGA_design_1_wrapper' is added to custom repositories.
19:11:54 INFO  : Connected to target on host '127.0.0.1' and port '3121'.
19:11:54 INFO  : 'targets -set -filter {jtag_cable_name =~ "Digilent Zed 210248B18A36" && level==0 && jtag_device_ctx=="jsn-Zed-210248B18A36-23727093-0"}' command is executed.
19:11:56 INFO  : FPGA configured successfully with bitstream "C:/Users/cihem/488/CPRE-488-Labs/MP-0/MP-0-vitis_VGA/VGA-Shit-test1/_ide/bitstream/VGA_design_1_wrapper.bit"
19:12:30 INFO  : Result from executing command 'getProjects': VGA_design_1_wrapper
19:12:30 INFO  : Result from executing command 'getPlatforms': VGA_design_1_wrapper|C:/Users/cihem/488/CPRE-488-Labs/MP-0/MP-0-vitis_VGA/VGA_design_1_wrapper/export/VGA_design_1_wrapper/VGA_design_1_wrapper.xpfm
19:12:30 INFO  : Checking for BSP changes to sync application flags for project 'VGA-Shit-test1'...
12:12:23 INFO  : Launching XSCT server: xsct.bat -n  -interactive C:\Users\cihem\CPRE-488-Labs\MP-0\MP-0-vitis_VGA\temp_xsdb_launch_script.tcl
12:12:25 INFO  : XSCT server has started successfully.
12:12:25 INFO  : plnx-install-location is set to ''
12:12:25 INFO  : Successfully done setting XSCT server connection channel  
12:12:25 INFO  : Successfully done setting workspace for the tool. 
12:12:28 ERROR : Error encountered while initializing user repository paths
Reason: No Platforms Found.


12:12:28 INFO  : Platform repository initialization has completed.
12:12:28 INFO  : Registering command handlers for Vitis TCF services
12:12:31 INFO  : Successfully done query RDI_DATADIR 
12:13:06 ERROR : Error encountered while updating custom repository paths
Reason: No Platforms Found.


12:14:13 INFO  : Connected to target on host '127.0.0.1' and port '3121'.
12:14:13 INFO  : 'targets -set -filter {jtag_cable_name =~ "Digilent Zed 210248B9DA75" && level==0 && jtag_device_ctx=="jsn-Zed-210248B9DA75-23727093-0"}' command is executed.
12:14:15 INFO  : FPGA configured successfully with bitstream "C:/Users/cihem/CPRE-488-Labs/MP-0/MP-0-vitis_VGA/VGA-Shit-test1/_ide/bitstream/VGA_design_1_wrapper.bit"
12:17:38 INFO  : The hardware specfication used by project 'VGA-Shit-test1' is out of sync with the platform. Resource files extracted from the hardware specfiication will be updated.
12:17:40 INFO  : The file 'C:\Users\cihem\CPRE-488-Labs\MP-0\MP-0-vitis_VGA\VGA-Shit-test1\_ide\bitstream\VGA_design_1_wrapper.bit' stored in project is removed.
12:17:40 INFO  : The updated bitstream files are copied from platform to folder 'C:\Users\cihem\CPRE-488-Labs\MP-0\MP-0-vitis_VGA\VGA-Shit-test1\_ide\bitstream' in project 'VGA-Shit-test1'.
12:17:40 INFO  : The file 'C:\Users\cihem\CPRE-488-Labs\MP-0\MP-0-vitis_VGA\VGA-Shit-test1\_ide\psinit\ps7_init.tcl' stored in project is removed.
12:17:43 INFO  : The updated ps init files are copied from platform to folder 'C:\Users\cihem\CPRE-488-Labs\MP-0\MP-0-vitis_VGA\VGA-Shit-test1\_ide\psinit' in project 'VGA-Shit-test1'.
12:19:13 INFO  : Connected to target on host '127.0.0.1' and port '3121'.
12:19:13 INFO  : 'targets -set -filter {jtag_cable_name =~ "Digilent Zed 210248B9DA75" && level==0 && jtag_device_ctx=="jsn-Zed-210248B9DA75-23727093-0"}' command is executed.
12:19:15 INFO  : FPGA configured successfully with bitstream "C:/Users/cihem/CPRE-488-Labs/MP-0/MP-0-vitisCDrive/design_1_wrapper/bitstream/design_1_wrapper.bit"
12:19:39 INFO  : Checking for BSP changes to sync application flags for project 'VGA-Shit-test1'...
12:19:39 INFO  : Updating application flags with new BSP settings...
12:19:39 INFO  : Successfully updated application flags for project VGA-Shit-test1.
12:20:15 INFO  : Checking for BSP changes to sync application flags for project 'VGA-Shit-test1'...
12:23:18 INFO  : The hardware specfication used by project 'VGA-Shit-test1' is out of sync with the platform. Resource files extracted from the hardware specfiication will be updated.
12:23:19 INFO  : The file 'C:\Users\cihem\CPRE-488-Labs\MP-0\MP-0-vitis_VGA\VGA-Shit-test1\_ide\bitstream\design_1_wrapper.bit' stored in project is removed.
12:23:19 INFO  : The updated bitstream files are copied from platform to folder 'C:\Users\cihem\CPRE-488-Labs\MP-0\MP-0-vitis_VGA\VGA-Shit-test1\_ide\bitstream' in project 'VGA-Shit-test1'.
12:23:19 INFO  : The file 'C:\Users\cihem\CPRE-488-Labs\MP-0\MP-0-vitis_VGA\VGA-Shit-test1\_ide\psinit\ps7_init.tcl' stored in project is removed.
12:23:21 INFO  : The updated ps init files are copied from platform to folder 'C:\Users\cihem\CPRE-488-Labs\MP-0\MP-0-vitis_VGA\VGA-Shit-test1\_ide\psinit' in project 'VGA-Shit-test1'.
12:23:45 INFO  : Result from executing command 'getProjects': VGA_design_1_wrapper
12:23:45 INFO  : Result from executing command 'getPlatforms': VGA_design_1_wrapper|C:/Users/cihem/CPRE-488-Labs/MP-0/MP-0-vitis_VGA/VGA_design_1_wrapper/export/VGA_design_1_wrapper/VGA_design_1_wrapper.xpfm;design_1_wrapper|C:/Users/cihem/CPRE-488-Labs/MP-0/MP-0-vitisCDrive/design_1_wrapper/export/design_1_wrapper/design_1_wrapper.xpfm
12:23:46 INFO  : Checking for BSP changes to sync application flags for project 'VGA-Shit-test1'...
12:23:49 INFO  : Updating application flags with new BSP settings...
12:23:49 INFO  : Successfully updated application flags for project VGA-Shit-test1.
13:00:26 INFO  : Launching XSCT server: xsct.bat -n  -interactive C:\Users\cihem\CPRE-488-Labs\MP-0\MP-0-vitis_VGA\temp_xsdb_launch_script.tcl
13:00:27 INFO  : XSCT server has started successfully.
13:00:27 INFO  : Successfully done setting XSCT server connection channel  
13:00:27 INFO  : plnx-install-location is set to ''
13:00:27 INFO  : Successfully done setting workspace for the tool. 
13:00:29 INFO  : Platform repository initialization has completed.
13:00:29 INFO  : Successfully done query RDI_DATADIR 
13:00:29 INFO  : Registering command handlers for Vitis TCF services
