Nothing to build in platform 'design_1_wrapper'

12:14:11 **** Incremental Build of configuration Debug for project Zedboard-doublehell ****
make all 
make --no-print-directory pre-build
a9-linaro-pre-build-step
' '
make --no-print-directory main-build
'Building file: ../src/helloworld.c'
'Invoking: ARM v7 gcc compiler'
arm-none-eabi-gcc -Wall -O0 -g3 -c -fmessage-length=0 -MT"src/helloworld.o" -mcpu=cortex-a9 -mfpu=vfpv3 -mfloat-abi=hard -IC:/Users/cihem/488/CPRE-488-Labs/MP-0/MP-0-vitisCDrive/design_1_wrapper/export/design_1_wrapper/sw/design_1_wrapper/domain_ps7_cortexa9_0/bspinclude/include -MMD -MP -MF"src/helloworld.d" -MT"src/helloworld.o" -o "src/helloworld.o" "../src/helloworld.c"
'Finished building: ../src/helloworld.c'
' '
'Building target: Zedboard-doublehell.elf'
'Invoking: ARM v7 gcc linker'
arm-none-eabi-gcc -mcpu=cortex-a9 -mfpu=vfpv3 -mfloat-abi=hard -Wl,-build-id=none -specs=Xilinx.spec -Wl,-T -Wl,../src/lscript.ld -LC:/Users/cihem/488/CPRE-488-Labs/MP-0/MP-0-vitisCDrive/design_1_wrapper/export/design_1_wrapper/sw/design_1_wrapper/domain_ps7_cortexa9_0/bsplib/lib -o "Zedboard-doublehell.elf"  ./src/helloworld.o ./src/platform.o   -Wl,--start-group,-lxil,-lgcc,-lc,--end-group
'Finished building target: Zedboard-doublehell.elf'
' '
'Invoking: ARM v7 Print Size'
arm-none-eabi-size Zedboard-doublehell.elf  |tee "Zedboard-doublehell.elf.size"
   text	   data	    bss	    dec	    hex	filename
  41856	   2548	  22640	  67044	  105e4	Zedboard-doublehell.elf
'Finished building: Zedboard-doublehell.elf.size'
' '
12:14:12 **** Incremental Build of configuration Debug for project Zedboard-doublehell_system ****
make all 
Generating bif file for the system project
generate_system_bif.bat 52493 C:/Users/cihem/488/CPRE-488-Labs/MP-0/MP-0-vitisCDrive/design_1_wrapper/export/design_1_wrapper/design_1_wrapper.xpfm domain_ps7_cortexa9_0 C:/Users/cihem/488/CPRE-488-Labs/MP-0/MP-0-vitisCDrive/Zedboard-doublehell_system/Debug/system.bif
sdcard_gen --xpfm C:/Users/cihem/488/CPRE-488-Labs/MP-0/MP-0-vitisCDrive/design_1_wrapper/export/design_1_wrapper/design_1_wrapper.xpfm --sys_config design_1_wrapper --bif C:/Users/cihem/488/CPRE-488-Labs/MP-0/MP-0-vitisCDrive/Zedboard-doublehell_system/Debug/system.bif --bitstream C:/Users/cihem/488/CPRE-488-Labs/MP-0/MP-0-vitisCDrive/Zedboard-doublehell/_ide/bitstream/design_1_wrapper.bit --elf C:/Users/cihem/488/CPRE-488-Labs/MP-0/MP-0-vitisCDrive/Zedboard-doublehell/Debug/Zedboard-doublehell.elf,ps7_cortexa9_0
creating BOOT.BIN using C:/Users/cihem/488/CPRE-488-Labs/MP-0/MP-0-vitisCDrive/Zedboard-doublehell/_ide/bitstream/design_1_wrapper.bit
Running C:/Xilinx/Vitis/2020.1/bin/bootgen  -image C:/Users/cihem/488/CPRE-488-Labs/MP-0/MP-0-vitisCDrive/Zedboard-doublehell_system/Debug/sd_card_temp/boot.bif -w -o i BOOT.BIN
